{"C:\\Users\\HP\\Documents\\Project_fullStack\\social-media-app\\backend\\controllers\\activityController.js": {"path":"C:\\Users\\HP\\Documents\\Project_fullStack\\social-media-app\\backend\\controllers\\activityController.js","statementMap":{"0":{"start":{"line":6,"column":27},"end":{"line":134,"column":2}},"1":{"start":{"line":7,"column":17},"end":{"line":7,"column":29}},"2":{"start":{"line":8,"column":21},"end":{"line":8,"column":31}},"3":{"start":{"line":9,"column":2},"end":{"line":9,"column":48}},"4":{"start":{"line":12,"column":20},"end":{"line":25,"column":62}},"5":{"start":{"line":27,"column":25},"end":{"line":31,"column":5}},"6":{"start":{"line":27,"column":50},"end":{"line":31,"column":3}},"7":{"start":{"line":34,"column":23},"end":{"line":57,"column":14}},"8":{"start":{"line":59,"column":28},"end":{"line":64,"column":5}},"9":{"start":{"line":59,"column":59},"end":{"line":64,"column":3}},"10":{"start":{"line":67,"column":21},"end":{"line":81,"column":14}},"11":{"start":{"line":83,"column":25},"end":{"line":87,"column":5}},"12":{"start":{"line":83,"column":51},"end":{"line":87,"column":3}},"13":{"start":{"line":90,"column":22},"end":{"line":93,"column":3}},"14":{"start":{"line":95,"column":27},"end":{"line":103,"column":5}},"15":{"start":{"line":95,"column":75},"end":{"line":103,"column":3}},"16":{"start":{"line":106,"column":24},"end":{"line":111,"column":3}},"17":{"start":{"line":114,"column":2},"end":{"line":114,"column":78}},"18":{"start":{"line":114,"column":31},"end":{"line":114,"column":76}},"19":{"start":{"line":117,"column":28},"end":{"line":117,"column":55}},"20":{"start":{"line":119,"column":16},"end":{"line":124,"column":3}},"21":{"start":{"line":126,"column":2},"end":{"line":133,"column":5}}},"fnMap":{"0":{"name":"(anonymous_0)","decl":{"start":{"line":6,"column":38},"end":{"line":6,"column":39}},"loc":{"start":{"line":6,"column":64},"end":{"line":134,"column":1}},"line":6},"1":{"name":"(anonymous_1)","decl":{"start":{"line":27,"column":39},"end":{"line":27,"column":40}},"loc":{"start":{"line":27,"column":50},"end":{"line":31,"column":3}},"line":27},"2":{"name":"(anonymous_2)","decl":{"start":{"line":59,"column":45},"end":{"line":59,"column":46}},"loc":{"start":{"line":59,"column":59},"end":{"line":64,"column":3}},"line":59},"3":{"name":"(anonymous_3)","decl":{"start":{"line":83,"column":40},"end":{"line":83,"column":41}},"loc":{"start":{"line":83,"column":51},"end":{"line":87,"column":3}},"line":83},"4":{"name":"(anonymous_4)","decl":{"start":{"line":95,"column":64},"end":{"line":95,"column":65}},"loc":{"start":{"line":95,"column":75},"end":{"line":103,"column":3}},"line":95},"5":{"name":"(anonymous_5)","decl":{"start":{"line":114,"column":21},"end":{"line":114,"column":22}},"loc":{"start":{"line":114,"column":31},"end":{"line":114,"column":76}},"line":114}},"branchMap":{},"s":{"0":2,"1":0,"2":0,"3":0,"4":0,"5":0,"6":0,"7":0,"8":0,"9":0,"10":0,"11":0,"12":0,"13":0,"14":0,"15":0,"16":0,"17":0,"18":0,"19":0,"20":0,"21":0},"f":{"0":0,"1":0,"2":0,"3":0,"4":0,"5":0},"b":{},"inputSourceMap":null,"_coverageSchema":"1a1c01bbd47fc00a2c39e90264f33305004495a9","hash":"755d82971c0e81f0ba09ef96c6c830518a23454b"}
,"C:\\Users\\HP\\Documents\\Project_fullStack\\social-media-app\\backend\\controllers\\authController.js": {"path":"C:\\Users\\HP\\Documents\\Project_fullStack\\social-media-app\\backend\\controllers\\authController.js","statementMap":{"0":{"start":{"line":12,"column":19},"end":{"line":12,"column":49}},"1":{"start":{"line":13,"column":18},"end":{"line":13,"column":42}},"2":{"start":{"line":15,"column":21},"end":{"line":20,"column":1}},"3":{"start":{"line":16,"column":23},"end":{"line":16,"column":77}},"4":{"start":{"line":17,"column":17},"end":{"line":17,"column":55}},"5":{"start":{"line":18,"column":19},"end":{"line":18,"column":38}},"6":{"start":{"line":19,"column":2},"end":{"line":19,"column":32}},"7":{"start":{"line":22,"column":18},"end":{"line":26,"column":1}},"8":{"start":{"line":23,"column":2},"end":{"line":25,"column":5}},"9":{"start":{"line":28,"column":24},"end":{"line":52,"column":1}},"10":{"start":{"line":29,"column":16},"end":{"line":29,"column":35}},"11":{"start":{"line":31,"column":23},"end":{"line":31,"column":60}},"12":{"start":{"line":33,"column":23},"end":{"line":39,"column":3}},"13":{"start":{"line":41,"column":2},"end":{"line":41,"column":41}},"14":{"start":{"line":42,"column":2},"end":{"line":42,"column":28}},"15":{"start":{"line":43,"column":2},"end":{"line":43,"column":23}},"16":{"start":{"line":44,"column":2},"end":{"line":44,"column":35}},"17":{"start":{"line":46,"column":2},"end":{"line":51,"column":5}},"18":{"start":{"line":56,"column":22},"end":{"line":91,"column":2}},"19":{"start":{"line":57,"column":57},"end":{"line":57,"column":65}},"20":{"start":{"line":58,"column":23},"end":{"line":58,"column":52}},"21":{"start":{"line":59,"column":2},"end":{"line":61,"column":3}},"22":{"start":{"line":60,"column":4},"end":{"line":60,"column":62}},"23":{"start":{"line":62,"column":14},"end":{"line":62,"column":27}},"24":{"start":{"line":63,"column":21},"end":{"line":63,"column":53}},"25":{"start":{"line":64,"column":18},"end":{"line":71,"column":4}},"26":{"start":{"line":72,"column":23},"end":{"line":77,"column":4}},"27":{"start":{"line":79,"column":2},"end":{"line":90,"column":3}},"28":{"start":{"line":80,"column":4},"end":{"line":84,"column":7}},"29":{"start":{"line":86,"column":4},"end":{"line":86,"column":105}},"30":{"start":{"line":88,"column":4},"end":{"line":88,"column":46}},"31":{"start":{"line":89,"column":4},"end":{"line":89,"column":104}},"32":{"start":{"line":93,"column":29},"end":{"line":114,"column":2}},"33":{"start":{"line":94,"column":18},"end":{"line":94,"column":26}},"34":{"start":{"line":95,"column":2},"end":{"line":97,"column":3}},"35":{"start":{"line":96,"column":4},"end":{"line":96,"column":71}},"36":{"start":{"line":98,"column":15},"end":{"line":98,"column":23}},"37":{"start":{"line":99,"column":2},"end":{"line":101,"column":3}},"38":{"start":{"line":100,"column":4},"end":{"line":100,"column":51}},"39":{"start":{"line":103,"column":2},"end":{"line":105,"column":3}},"40":{"start":{"line":104,"column":4},"end":{"line":104,"column":78}},"41":{"start":{"line":107,"column":2},"end":{"line":107,"column":25}},"42":{"start":{"line":108,"column":2},"end":{"line":108,"column":23}},"43":{"start":{"line":109,"column":2},"end":{"line":109,"column":30}},"44":{"start":{"line":111,"column":2},"end":{"line":111,"column":49}},"45":{"start":{"line":113,"column":2},"end":{"line":113,"column":61}},"46":{"start":{"line":116,"column":25},"end":{"line":158,"column":2}},"47":{"start":{"line":117,"column":20},"end":{"line":117,"column":28}},"48":{"start":{"line":118,"column":2},"end":{"line":120,"column":3}},"49":{"start":{"line":119,"column":4},"end":{"line":119,"column":57}},"50":{"start":{"line":122,"column":15},"end":{"line":122,"column":44}},"51":{"start":{"line":124,"column":2},"end":{"line":126,"column":3}},"52":{"start":{"line":125,"column":4},"end":{"line":125,"column":54}},"53":{"start":{"line":128,"column":2},"end":{"line":130,"column":3}},"54":{"start":{"line":129,"column":4},"end":{"line":129,"column":71}},"55":{"start":{"line":132,"column":14},"end":{"line":132,"column":27}},"56":{"start":{"line":133,"column":21},"end":{"line":133,"column":53}},"57":{"start":{"line":134,"column":2},"end":{"line":134,"column":17}},"58":{"start":{"line":135,"column":2},"end":{"line":135,"column":31}},"59":{"start":{"line":137,"column":2},"end":{"line":137,"column":49}},"60":{"start":{"line":139,"column":23},"end":{"line":144,"column":4}},"61":{"start":{"line":146,"column":2},"end":{"line":157,"column":3}},"62":{"start":{"line":147,"column":4},"end":{"line":151,"column":7}},"63":{"start":{"line":153,"column":4},"end":{"line":153,"column":90}},"64":{"start":{"line":155,"column":4},"end":{"line":155,"column":106}},"65":{"start":{"line":156,"column":4},"end":{"line":156,"column":95}},"66":{"start":{"line":160,"column":21},"end":{"line":174,"column":2}},"67":{"start":{"line":161,"column":30},"end":{"line":161,"column":38}},"68":{"start":{"line":163,"column":2},"end":{"line":165,"column":3}},"69":{"start":{"line":164,"column":4},"end":{"line":164,"column":72}},"70":{"start":{"line":167,"column":15},"end":{"line":167,"column":64}},"71":{"start":{"line":169,"column":2},"end":{"line":171,"column":3}},"72":{"start":{"line":170,"column":4},"end":{"line":170,"column":64}},"73":{"start":{"line":173,"column":2},"end":{"line":173,"column":54}},"74":{"start":{"line":176,"column":22},"end":{"line":188,"column":2}},"75":{"start":{"line":177,"column":23},"end":{"line":177,"column":60}},"76":{"start":{"line":179,"column":2},"end":{"line":185,"column":5}},"77":{"start":{"line":187,"column":2},"end":{"line":187,"column":83}},"78":{"start":{"line":191,"column":30},"end":{"line":228,"column":2}},"79":{"start":{"line":192,"column":20},"end":{"line":192,"column":28}},"80":{"start":{"line":193,"column":15},"end":{"line":193,"column":44}},"81":{"start":{"line":195,"column":2},"end":{"line":197,"column":3}},"82":{"start":{"line":196,"column":4},"end":{"line":196,"column":53}},"83":{"start":{"line":199,"column":14},"end":{"line":199,"column":27}},"84":{"start":{"line":200,"column":23},"end":{"line":200,"column":49}},"85":{"start":{"line":202,"column":2},"end":{"line":202,"column":30}},"86":{"start":{"line":203,"column":2},"end":{"line":203,"column":46}},"87":{"start":{"line":205,"column":2},"end":{"line":205,"column":49}},"88":{"start":{"line":207,"column":23},"end":{"line":212,"column":4}},"89":{"start":{"line":214,"column":2},"end":{"line":227,"column":3}},"90":{"start":{"line":215,"column":4},"end":{"line":219,"column":7}},"91":{"start":{"line":221,"column":4},"end":{"line":221,"column":98}},"92":{"start":{"line":223,"column":4},"end":{"line":223,"column":38}},"93":{"start":{"line":224,"column":4},"end":{"line":224,"column":45}},"94":{"start":{"line":225,"column":4},"end":{"line":225,"column":51}},"95":{"start":{"line":226,"column":4},"end":{"line":226,"column":95}},"96":{"start":{"line":230,"column":29},"end":{"line":245,"column":2}},"97":{"start":{"line":231,"column":52},"end":{"line":231,"column":60}},"98":{"start":{"line":232,"column":15},"end":{"line":232,"column":113}},"99":{"start":{"line":234,"column":2},"end":{"line":236,"column":3}},"100":{"start":{"line":235,"column":4},"end":{"line":235,"column":52}},"101":{"start":{"line":237,"column":2},"end":{"line":237,"column":27}},"102":{"start":{"line":238,"column":2},"end":{"line":238,"column":41}},"103":{"start":{"line":239,"column":2},"end":{"line":239,"column":36}},"104":{"start":{"line":240,"column":2},"end":{"line":240,"column":43}},"105":{"start":{"line":242,"column":2},"end":{"line":242,"column":20}},"106":{"start":{"line":244,"column":2},"end":{"line":244,"column":65}},"107":{"start":{"line":247,"column":30},"end":{"line":272,"column":2}},"108":{"start":{"line":248,"column":63},"end":{"line":248,"column":71}},"109":{"start":{"line":250,"column":20},"end":{"line":250,"column":28}},"110":{"start":{"line":252,"column":15},"end":{"line":252,"column":64}},"111":{"start":{"line":254,"column":2},"end":{"line":256,"column":3}},"112":{"start":{"line":255,"column":4},"end":{"line":255,"column":53}},"113":{"start":{"line":258,"column":2},"end":{"line":260,"column":3}},"114":{"start":{"line":259,"column":4},"end":{"line":259,"column":57}},"115":{"start":{"line":262,"column":2},"end":{"line":264,"column":3}},"116":{"start":{"line":263,"column":4},"end":{"line":263,"column":86}},"117":{"start":{"line":266,"column":2},"end":{"line":266,"column":30}},"118":{"start":{"line":267,"column":2},"end":{"line":267,"column":44}},"119":{"start":{"line":269,"column":2},"end":{"line":269,"column":20}},"120":{"start":{"line":271,"column":2},"end":{"line":271,"column":68}}},"fnMap":{"0":{"name":"(anonymous_0)","decl":{"start":{"line":15,"column":21},"end":{"line":15,"column":22}},"loc":{"start":{"line":15,"column":53},"end":{"line":20,"column":1}},"line":15},"1":{"name":"(anonymous_1)","decl":{"start":{"line":22,"column":18},"end":{"line":22,"column":19}},"loc":{"start":{"line":22,"column":26},"end":{"line":26,"column":1}},"line":22},"2":{"name":"(anonymous_2)","decl":{"start":{"line":28,"column":24},"end":{"line":28,"column":25}},"loc":{"start":{"line":28,"column":60},"end":{"line":52,"column":1}},"line":28},"3":{"name":"(anonymous_3)","decl":{"start":{"line":56,"column":33},"end":{"line":56,"column":34}},"loc":{"start":{"line":56,"column":59},"end":{"line":91,"column":1}},"line":56},"4":{"name":"(anonymous_4)","decl":{"start":{"line":93,"column":40},"end":{"line":93,"column":41}},"loc":{"start":{"line":93,"column":66},"end":{"line":114,"column":1}},"line":93},"5":{"name":"(anonymous_5)","decl":{"start":{"line":116,"column":36},"end":{"line":116,"column":37}},"loc":{"start":{"line":116,"column":62},"end":{"line":158,"column":1}},"line":116},"6":{"name":"(anonymous_6)","decl":{"start":{"line":160,"column":32},"end":{"line":160,"column":33}},"loc":{"start":{"line":160,"column":58},"end":{"line":174,"column":1}},"line":160},"7":{"name":"(anonymous_7)","decl":{"start":{"line":176,"column":33},"end":{"line":176,"column":34}},"loc":{"start":{"line":176,"column":59},"end":{"line":188,"column":1}},"line":176},"8":{"name":"(anonymous_8)","decl":{"start":{"line":191,"column":41},"end":{"line":191,"column":42}},"loc":{"start":{"line":191,"column":67},"end":{"line":228,"column":1}},"line":191},"9":{"name":"(anonymous_9)","decl":{"start":{"line":230,"column":40},"end":{"line":230,"column":41}},"loc":{"start":{"line":230,"column":66},"end":{"line":245,"column":1}},"line":230},"10":{"name":"(anonymous_10)","decl":{"start":{"line":247,"column":41},"end":{"line":247,"column":42}},"loc":{"start":{"line":247,"column":67},"end":{"line":272,"column":1}},"line":247}},"branchMap":{"0":{"loc":{"start":{"line":37,"column":14},"end":{"line":37,"column":43}},"type":"cond-expr","locations":[{"start":{"line":37,"column":29},"end":{"line":37,"column":35}},{"start":{"line":37,"column":38},"end":{"line":37,"column":43}}],"line":37},"1":{"loc":{"start":{"line":59,"column":2},"end":{"line":61,"column":3}},"type":"if","locations":[{"start":{"line":59,"column":2},"end":{"line":61,"column":3}},{"start":{},"end":{}}],"line":59},"2":{"loc":{"start":{"line":95,"column":2},"end":{"line":97,"column":3}},"type":"if","locations":[{"start":{"line":95,"column":2},"end":{"line":97,"column":3}},{"start":{},"end":{}}],"line":95},"3":{"loc":{"start":{"line":99,"column":2},"end":{"line":101,"column":3}},"type":"if","locations":[{"start":{"line":99,"column":2},"end":{"line":101,"column":3}},{"start":{},"end":{}}],"line":99},"4":{"loc":{"start":{"line":103,"column":2},"end":{"line":105,"column":3}},"type":"if","locations":[{"start":{"line":103,"column":2},"end":{"line":105,"column":3}},{"start":{},"end":{}}],"line":103},"5":{"loc":{"start":{"line":118,"column":2},"end":{"line":120,"column":3}},"type":"if","locations":[{"start":{"line":118,"column":2},"end":{"line":120,"column":3}},{"start":{},"end":{}}],"line":118},"6":{"loc":{"start":{"line":124,"column":2},"end":{"line":126,"column":3}},"type":"if","locations":[{"start":{"line":124,"column":2},"end":{"line":126,"column":3}},{"start":{},"end":{}}],"line":124},"7":{"loc":{"start":{"line":128,"column":2},"end":{"line":130,"column":3}},"type":"if","locations":[{"start":{"line":128,"column":2},"end":{"line":130,"column":3}},{"start":{},"end":{}}],"line":128},"8":{"loc":{"start":{"line":163,"column":2},"end":{"line":165,"column":3}},"type":"if","locations":[{"start":{"line":163,"column":2},"end":{"line":165,"column":3}},{"start":{},"end":{}}],"line":163},"9":{"loc":{"start":{"line":163,"column":6},"end":{"line":163,"column":25}},"type":"binary-expr","locations":[{"start":{"line":163,"column":6},"end":{"line":163,"column":12}},{"start":{"line":163,"column":16},"end":{"line":163,"column":25}}],"line":163},"10":{"loc":{"start":{"line":169,"column":2},"end":{"line":171,"column":3}},"type":"if","locations":[{"start":{"line":169,"column":2},"end":{"line":171,"column":3}},{"start":{},"end":{}}],"line":169},"11":{"loc":{"start":{"line":169,"column":6},"end":{"line":169,"column":69}},"type":"binary-expr","locations":[{"start":{"line":169,"column":6},"end":{"line":169,"column":11}},{"start":{"line":169,"column":15},"end":{"line":169,"column":69}}],"line":169},"12":{"loc":{"start":{"line":183,"column":14},"end":{"line":183,"column":43}},"type":"cond-expr","locations":[{"start":{"line":183,"column":29},"end":{"line":183,"column":35}},{"start":{"line":183,"column":38},"end":{"line":183,"column":43}}],"line":183},"13":{"loc":{"start":{"line":195,"column":2},"end":{"line":197,"column":3}},"type":"if","locations":[{"start":{"line":195,"column":2},"end":{"line":197,"column":3}},{"start":{},"end":{}}],"line":195},"14":{"loc":{"start":{"line":234,"column":2},"end":{"line":236,"column":3}},"type":"if","locations":[{"start":{"line":234,"column":2},"end":{"line":236,"column":3}},{"start":{},"end":{}}],"line":234},"15":{"loc":{"start":{"line":254,"column":2},"end":{"line":256,"column":3}},"type":"if","locations":[{"start":{"line":254,"column":2},"end":{"line":256,"column":3}},{"start":{},"end":{}}],"line":254},"16":{"loc":{"start":{"line":258,"column":2},"end":{"line":260,"column":3}},"type":"if","locations":[{"start":{"line":258,"column":2},"end":{"line":260,"column":3}},{"start":{},"end":{}}],"line":258},"17":{"loc":{"start":{"line":262,"column":2},"end":{"line":264,"column":3}},"type":"if","locations":[{"start":{"line":262,"column":2},"end":{"line":264,"column":3}},{"start":{},"end":{}}],"line":262}},"s":{"0":2,"1":2,"2":2,"3":13,"4":13,"5":13,"6":13,"7":2,"8":14,"9":2,"10":14,"11":14,"12":14,"13":14,"14":14,"15":14,"16":14,"17":14,"18":2,"19":15,"20":15,"21":15,"22":1,"23":14,"24":14,"25":14,"26":13,"27":13,"28":13,"29":13,"30":0,"31":0,"32":2,"33":0,"34":0,"35":0,"36":0,"37":0,"38":0,"39":0,"40":0,"41":0,"42":0,"43":0,"44":0,"45":0,"46":2,"47":0,"48":0,"49":0,"50":0,"51":0,"52":0,"53":0,"54":0,"55":0,"56":0,"57":0,"58":0,"59":0,"60":0,"61":0,"62":0,"63":0,"64":0,"65":0,"66":2,"67":4,"68":4,"69":1,"70":3,"71":3,"72":2,"73":1,"74":2,"75":1,"76":1,"77":1,"78":2,"79":0,"80":0,"81":0,"82":0,"83":0,"84":0,"85":0,"86":0,"87":0,"88":0,"89":0,"90":0,"91":0,"92":0,"93":0,"94":0,"95":0,"96":2,"97":0,"98":0,"99":0,"100":0,"101":0,"102":0,"103":0,"104":0,"105":0,"106":0,"107":2,"108":0,"109":0,"110":0,"111":0,"112":0,"113":0,"114":0,"115":0,"116":0,"117":0,"118":0,"119":0,"120":0},"f":{"0":13,"1":14,"2":14,"3":15,"4":0,"5":0,"6":4,"7":1,"8":0,"9":0,"10":0},"b":{"0":[0,14],"1":[1,14],"2":[0,0],"3":[0,0],"4":[0,0],"5":[0,0],"6":[0,0],"7":[0,0],"8":[1,3],"9":[4,4],"10":[2,1],"11":[3,2],"12":[0,1],"13":[0,0],"14":[0,0],"15":[0,0],"16":[0,0],"17":[0,0]},"inputSourceMap":null,"_coverageSchema":"1a1c01bbd47fc00a2c39e90264f33305004495a9","hash":"da6428dc8fa8b9ad1c10564c438bc97de338bef6"}
,"C:\\Users\\HP\\Documents\\Project_fullStack\\social-media-app\\backend\\controllers\\errorController.js": {"path":"C:\\Users\\HP\\Documents\\Project_fullStack\\social-media-app\\backend\\controllers\\errorController.js","statementMap":{"0":{"start":{"line":1,"column":27},"end":{"line":10,"column":1}},"1":{"start":{"line":2,"column":2},"end":{"line":2,"column":41}},"2":{"start":{"line":3,"column":2},"end":{"line":3,"column":37}},"3":{"start":{"line":4,"column":2},"end":{"line":9,"column":5}}},"fnMap":{"0":{"name":"(anonymous_0)","decl":{"start":{"line":1,"column":27},"end":{"line":1,"column":28}},"loc":{"start":{"line":1,"column":52},"end":{"line":10,"column":1}},"line":1}},"branchMap":{"0":{"loc":{"start":{"line":2,"column":19},"end":{"line":2,"column":40}},"type":"binary-expr","locations":[{"start":{"line":2,"column":19},"end":{"line":2,"column":33}},{"start":{"line":2,"column":37},"end":{"line":2,"column":40}}],"line":2},"1":{"loc":{"start":{"line":3,"column":15},"end":{"line":3,"column":36}},"type":"binary-expr","locations":[{"start":{"line":3,"column":15},"end":{"line":3,"column":25}},{"start":{"line":3,"column":29},"end":{"line":3,"column":36}}],"line":3}},"s":{"0":2,"1":10,"2":10,"3":10},"f":{"0":10},"b":{"0":[10,1],"1":[10,1]},"inputSourceMap":null,"_coverageSchema":"1a1c01bbd47fc00a2c39e90264f33305004495a9","hash":"48ea035f06b4d237d6998a4150d9ae1ab6c477a2"}
,"C:\\Users\\HP\\Documents\\Project_fullStack\\social-media-app\\backend\\controllers\\postController.js": {"path":"C:\\Users\\HP\\Documents\\Project_fullStack\\social-media-app\\backend\\controllers\\postController.js","statementMap":{"0":{"start":{"line":10,"column":26},"end":{"line":139,"column":2}},"1":{"start":{"line":11,"column":53},"end":{"line":11,"column":61}},"2":{"start":{"line":12,"column":15},"end":{"line":12,"column":23}},"3":{"start":{"line":13,"column":17},"end":{"line":13,"column":29}},"4":{"start":{"line":15,"column":2},"end":{"line":17,"column":3}},"5":{"start":{"line":16,"column":4},"end":{"line":16,"column":61}},"6":{"start":{"line":19,"column":2},"end":{"line":19,"column":46}},"7":{"start":{"line":20,"column":2},"end":{"line":20,"column":114}},"8":{"start":{"line":21,"column":17},"end":{"line":25,"column":3}},"9":{"start":{"line":28,"column":2},"end":{"line":44,"column":3}},"10":{"start":{"line":29,"column":4},"end":{"line":29,"column":67}},"11":{"start":{"line":29,"column":15},"end":{"line":29,"column":67}},"12":{"start":{"line":31,"column":33},"end":{"line":34,"column":17}},"13":{"start":{"line":36,"column":20},"end":{"line":36,"column":87}},"14":{"start":{"line":37,"column":26},"end":{"line":37,"column":59}},"15":{"start":{"line":39,"column":4},"end":{"line":42,"column":6}},"16":{"start":{"line":43,"column":4},"end":{"line":43,"column":32}},"17":{"start":{"line":47,"column":2},"end":{"line":85,"column":3}},"18":{"start":{"line":48,"column":4},"end":{"line":48,"column":72}},"19":{"start":{"line":48,"column":15},"end":{"line":48,"column":72}},"20":{"start":{"line":50,"column":4},"end":{"line":84,"column":5}},"21":{"start":{"line":51,"column":6},"end":{"line":51,"column":110}},"22":{"start":{"line":54,"column":28},"end":{"line":74,"column":8}},"23":{"start":{"line":55,"column":29},"end":{"line":70,"column":9}},"24":{"start":{"line":62,"column":12},"end":{"line":68,"column":13}},"25":{"start":{"line":63,"column":14},"end":{"line":63,"column":56}},"26":{"start":{"line":64,"column":14},"end":{"line":64,"column":28}},"27":{"start":{"line":66,"column":14},"end":{"line":66,"column":66}},"28":{"start":{"line":67,"column":14},"end":{"line":67,"column":30}},"29":{"start":{"line":73,"column":8},"end":{"line":73,"column":38}},"30":{"start":{"line":76,"column":6},"end":{"line":79,"column":8}},"31":{"start":{"line":80,"column":6},"end":{"line":80,"column":34}},"32":{"start":{"line":82,"column":6},"end":{"line":82,"column":51}},"33":{"start":{"line":83,"column":6},"end":{"line":83,"column":82}},"34":{"start":{"line":88,"column":2},"end":{"line":101,"column":3}},"35":{"start":{"line":89,"column":27},"end":{"line":89,"column":89}},"36":{"start":{"line":91,"column":4},"end":{"line":93,"column":5}},"37":{"start":{"line":92,"column":6},"end":{"line":92,"column":74}},"38":{"start":{"line":95,"column":4},"end":{"line":99,"column":6}},"39":{"start":{"line":97,"column":52},"end":{"line":97,"column":76}},"40":{"start":{"line":100,"column":4},"end":{"line":100,"column":31}},"41":{"start":{"line":104,"column":2},"end":{"line":119,"column":3}},"42":{"start":{"line":105,"column":28},"end":{"line":105,"column":93}},"43":{"start":{"line":107,"column":4},"end":{"line":109,"column":5}},"44":{"start":{"line":108,"column":6},"end":{"line":108,"column":71}},"45":{"start":{"line":111,"column":4},"end":{"line":117,"column":6}},"46":{"start":{"line":118,"column":4},"end":{"line":118,"column":32}},"47":{"start":{"line":121,"column":13},"end":{"line":121,"column":40}},"48":{"start":{"line":123,"column":15},"end":{"line":123,"column":23}},"49":{"start":{"line":124,"column":2},"end":{"line":127,"column":3}},"50":{"start":{"line":125,"column":4},"end":{"line":125,"column":30}},"51":{"start":{"line":126,"column":4},"end":{"line":126,"column":51}},"52":{"start":{"line":129,"column":2},"end":{"line":132,"column":5}},"53":{"start":{"line":134,"column":2},"end":{"line":138,"column":5}},"54":{"start":{"line":142,"column":26},"end":{"line":165,"column":2}},"55":{"start":{"line":143,"column":34},"end":{"line":143,"column":42}},"56":{"start":{"line":144,"column":17},"end":{"line":144,"column":29}},"57":{"start":{"line":146,"column":15},"end":{"line":146,"column":42}},"58":{"start":{"line":147,"column":2},"end":{"line":149,"column":3}},"59":{"start":{"line":148,"column":4},"end":{"line":148,"column":53}},"60":{"start":{"line":152,"column":2},"end":{"line":154,"column":5}},"61":{"start":{"line":153,"column":4},"end":{"line":153,"column":84}},"62":{"start":{"line":153,"column":47},"end":{"line":153,"column":82}},"63":{"start":{"line":157,"column":2},"end":{"line":157,"column":52}},"64":{"start":{"line":158,"column":2},"end":{"line":158,"column":20}},"65":{"start":{"line":160,"column":2},"end":{"line":164,"column":5}},"66":{"start":{"line":168,"column":27},"end":{"line":196,"column":2}},"67":{"start":{"line":169,"column":21},"end":{"line":169,"column":31}},"68":{"start":{"line":170,"column":17},"end":{"line":170,"column":29}},"69":{"start":{"line":172,"column":15},"end":{"line":172,"column":42}},"70":{"start":{"line":173,"column":2},"end":{"line":175,"column":3}},"71":{"start":{"line":174,"column":4},"end":{"line":174,"column":54}},"72":{"start":{"line":177,"column":22},"end":{"line":177,"column":59}},"73":{"start":{"line":179,"column":2},"end":{"line":195,"column":3}},"74":{"start":{"line":180,"column":4},"end":{"line":180,"column":100}},"75":{"start":{"line":180,"column":63},"end":{"line":180,"column":98}},"76":{"start":{"line":181,"column":4},"end":{"line":181,"column":22}},"77":{"start":{"line":182,"column":4},"end":{"line":186,"column":7}},"78":{"start":{"line":188,"column":4},"end":{"line":188,"column":38}},"79":{"start":{"line":189,"column":4},"end":{"line":189,"column":22}},"80":{"start":{"line":190,"column":4},"end":{"line":194,"column":7}},"81":{"start":{"line":198,"column":27},"end":{"line":231,"column":2}},"82":{"start":{"line":199,"column":16},"end":{"line":222,"column":28}},"83":{"start":{"line":224,"column":2},"end":{"line":230,"column":5}},"84":{"start":{"line":233,"column":27},"end":{"line":258,"column":2}},"85":{"start":{"line":234,"column":17},"end":{"line":234,"column":30}},"86":{"start":{"line":236,"column":16},"end":{"line":249,"column":28}},"87":{"start":{"line":251,"column":2},"end":{"line":257,"column":5}},"88":{"start":{"line":260,"column":29},"end":{"line":297,"column":2}},"89":{"start":{"line":261,"column":17},"end":{"line":261,"column":30}},"90":{"start":{"line":263,"column":15},"end":{"line":285,"column":6}},"91":{"start":{"line":287,"column":2},"end":{"line":289,"column":3}},"92":{"start":{"line":288,"column":4},"end":{"line":288,"column":53}},"93":{"start":{"line":291,"column":2},"end":{"line":296,"column":5}},"94":{"start":{"line":299,"column":32},"end":{"line":331,"column":2}},"95":{"start":{"line":300,"column":17},"end":{"line":300,"column":29}},"96":{"start":{"line":301,"column":17},"end":{"line":301,"column":34}},"97":{"start":{"line":303,"column":2},"end":{"line":303,"column":30}},"98":{"start":{"line":305,"column":15},"end":{"line":305,"column":42}},"99":{"start":{"line":306,"column":2},"end":{"line":306,"column":62}},"100":{"start":{"line":306,"column":13},"end":{"line":306,"column":62}},"101":{"start":{"line":308,"column":15},"end":{"line":308,"column":42}},"102":{"start":{"line":309,"column":2},"end":{"line":309,"column":62}},"103":{"start":{"line":309,"column":13},"end":{"line":309,"column":62}},"104":{"start":{"line":311,"column":21},"end":{"line":311,"column":59}},"105":{"start":{"line":313,"column":2},"end":{"line":330,"column":3}},"106":{"start":{"line":314,"column":4},"end":{"line":314,"column":33}},"107":{"start":{"line":315,"column":4},"end":{"line":315,"column":51}},"108":{"start":{"line":316,"column":4},"end":{"line":320,"column":7}},"109":{"start":{"line":322,"column":4},"end":{"line":322,"column":33}},"110":{"start":{"line":323,"column":4},"end":{"line":323,"column":51}},"111":{"start":{"line":325,"column":4},"end":{"line":329,"column":7}},"112":{"start":{"line":333,"column":26},"end":{"line":385,"column":2}},"113":{"start":{"line":334,"column":17},"end":{"line":334,"column":27}},"114":{"start":{"line":335,"column":17},"end":{"line":335,"column":29}},"115":{"start":{"line":337,"column":15},"end":{"line":337,"column":55}},"116":{"start":{"line":339,"column":2},"end":{"line":341,"column":3}},"117":{"start":{"line":340,"column":4},"end":{"line":340,"column":53}},"118":{"start":{"line":343,"column":2},"end":{"line":345,"column":3}},"119":{"start":{"line":344,"column":4},"end":{"line":344,"column":81}},"120":{"start":{"line":348,"column":2},"end":{"line":348,"column":66}},"121":{"start":{"line":351,"column":2},"end":{"line":351,"column":75}},"122":{"start":{"line":354,"column":2},"end":{"line":354,"column":41}},"123":{"start":{"line":357,"column":2},"end":{"line":365,"column":3}},"124":{"start":{"line":358,"column":4},"end":{"line":364,"column":5}},"125":{"start":{"line":359,"column":6},"end":{"line":359,"column":64}},"126":{"start":{"line":360,"column":6},"end":{"line":360,"column":73}},"127":{"start":{"line":362,"column":6},"end":{"line":362,"column":70}},"128":{"start":{"line":368,"column":2},"end":{"line":376,"column":3}},"129":{"start":{"line":369,"column":4},"end":{"line":375,"column":5}},"130":{"start":{"line":370,"column":6},"end":{"line":370,"column":92}},"131":{"start":{"line":371,"column":6},"end":{"line":371,"column":73}},"132":{"start":{"line":373,"column":6},"end":{"line":373,"column":70}},"133":{"start":{"line":379,"column":2},"end":{"line":379,"column":35}},"134":{"start":{"line":381,"column":2},"end":{"line":384,"column":5}},"135":{"start":{"line":387,"column":33},"end":{"line":411,"column":2}},"136":{"start":{"line":388,"column":17},"end":{"line":388,"column":27}},"137":{"start":{"line":389,"column":17},"end":{"line":389,"column":29}},"138":{"start":{"line":391,"column":15},"end":{"line":391,"column":38}},"139":{"start":{"line":393,"column":2},"end":{"line":393,"column":62}},"140":{"start":{"line":393,"column":13},"end":{"line":393,"column":62}},"141":{"start":{"line":395,"column":18},"end":{"line":395,"column":45}},"142":{"start":{"line":397,"column":2},"end":{"line":410,"column":3}},"143":{"start":{"line":398,"column":4},"end":{"line":398,"column":82}},"144":{"start":{"line":400,"column":4},"end":{"line":403,"column":7}},"145":{"start":{"line":405,"column":4},"end":{"line":405,"column":86}},"146":{"start":{"line":406,"column":4},"end":{"line":409,"column":7}},"147":{"start":{"line":413,"column":26},"end":{"line":445,"column":2}},"148":{"start":{"line":414,"column":25},"end":{"line":414,"column":35}},"149":{"start":{"line":415,"column":17},"end":{"line":415,"column":29}},"150":{"start":{"line":417,"column":19},"end":{"line":417,"column":27}},"151":{"start":{"line":419,"column":15},"end":{"line":419,"column":42}},"152":{"start":{"line":421,"column":2},"end":{"line":421,"column":62}},"153":{"start":{"line":421,"column":13},"end":{"line":421,"column":62}},"154":{"start":{"line":422,"column":2},"end":{"line":422,"column":72}},"155":{"start":{"line":422,"column":13},"end":{"line":422,"column":72}},"156":{"start":{"line":424,"column":18},"end":{"line":428,"column":4}},"157":{"start":{"line":430,"column":2},"end":{"line":430,"column":34}},"158":{"start":{"line":431,"column":2},"end":{"line":431,"column":49}},"159":{"start":{"line":433,"column":2},"end":{"line":436,"column":5}},"160":{"start":{"line":438,"column":2},"end":{"line":444,"column":5}},"161":{"start":{"line":448,"column":36},"end":{"line":476,"column":2}},"162":{"start":{"line":449,"column":24},"end":{"line":449,"column":34}},"163":{"start":{"line":450,"column":17},"end":{"line":450,"column":29}},"164":{"start":{"line":452,"column":18},"end":{"line":452,"column":51}},"165":{"start":{"line":453,"column":2},"end":{"line":453,"column":68}},"166":{"start":{"line":453,"column":16},"end":{"line":453,"column":68}},"167":{"start":{"line":455,"column":18},"end":{"line":455,"column":48}},"168":{"start":{"line":457,"column":2},"end":{"line":475,"column":3}},"169":{"start":{"line":458,"column":4},"end":{"line":458,"column":86}},"170":{"start":{"line":458,"column":49},"end":{"line":458,"column":84}},"171":{"start":{"line":459,"column":4},"end":{"line":459,"column":25}},"172":{"start":{"line":461,"column":4},"end":{"line":465,"column":7}},"173":{"start":{"line":467,"column":4},"end":{"line":467,"column":31}},"174":{"start":{"line":468,"column":4},"end":{"line":468,"column":25}},"175":{"start":{"line":470,"column":4},"end":{"line":474,"column":7}},"176":{"start":{"line":479,"column":30},"end":{"line":512,"column":2}},"177":{"start":{"line":480,"column":24},"end":{"line":480,"column":34}},"178":{"start":{"line":481,"column":19},"end":{"line":481,"column":27}},"179":{"start":{"line":482,"column":17},"end":{"line":482,"column":29}},"180":{"start":{"line":484,"column":2},"end":{"line":484,"column":70}},"181":{"start":{"line":484,"column":13},"end":{"line":484,"column":70}},"182":{"start":{"line":486,"column":24},"end":{"line":486,"column":57}},"183":{"start":{"line":487,"column":2},"end":{"line":487,"column":74}},"184":{"start":{"line":487,"column":22},"end":{"line":487,"column":74}},"185":{"start":{"line":490,"column":16},"end":{"line":495,"column":4}},"186":{"start":{"line":498,"column":2},"end":{"line":498,"column":40}},"187":{"start":{"line":499,"column":2},"end":{"line":499,"column":29}},"188":{"start":{"line":502,"column":2},"end":{"line":505,"column":5}},"189":{"start":{"line":507,"column":2},"end":{"line":511,"column":5}},"190":{"start":{"line":515,"column":29},"end":{"line":540,"column":2}},"191":{"start":{"line":516,"column":24},"end":{"line":516,"column":34}},"192":{"start":{"line":517,"column":17},"end":{"line":517,"column":29}},"193":{"start":{"line":519,"column":18},"end":{"line":519,"column":51}},"194":{"start":{"line":520,"column":2},"end":{"line":520,"column":68}},"195":{"start":{"line":520,"column":16},"end":{"line":520,"column":68}},"196":{"start":{"line":523,"column":2},"end":{"line":525,"column":3}},"197":{"start":{"line":524,"column":4},"end":{"line":524,"column":76}},"198":{"start":{"line":528,"column":2},"end":{"line":528,"column":82}},"199":{"start":{"line":531,"column":2},"end":{"line":531,"column":57}},"200":{"start":{"line":534,"column":2},"end":{"line":534,"column":45}},"201":{"start":{"line":536,"column":2},"end":{"line":539,"column":5}},"202":{"start":{"line":543,"column":25},"end":{"line":572,"column":2}},"203":{"start":{"line":544,"column":17},"end":{"line":544,"column":27}},"204":{"start":{"line":545,"column":17},"end":{"line":545,"column":29}},"205":{"start":{"line":547,"column":15},"end":{"line":547,"column":38}},"206":{"start":{"line":549,"column":2},"end":{"line":549,"column":62}},"207":{"start":{"line":549,"column":13},"end":{"line":549,"column":62}},"208":{"start":{"line":551,"column":20},"end":{"line":551,"column":47}},"209":{"start":{"line":553,"column":2},"end":{"line":571,"column":3}},"210":{"start":{"line":555,"column":4},"end":{"line":555,"column":82}},"211":{"start":{"line":557,"column":4},"end":{"line":561,"column":7}},"212":{"start":{"line":564,"column":4},"end":{"line":564,"column":86}},"213":{"start":{"line":566,"column":4},"end":{"line":570,"column":7}}},"fnMap":{"0":{"name":"(anonymous_0)","decl":{"start":{"line":10,"column":37},"end":{"line":10,"column":38}},"loc":{"start":{"line":10,"column":63},"end":{"line":139,"column":1}},"line":10},"1":{"name":"(anonymous_1)","decl":{"start":{"line":54,"column":46},"end":{"line":54,"column":47}},"loc":{"start":{"line":54,"column":67},"end":{"line":74,"column":7}},"line":54},"2":{"name":"(anonymous_2)","decl":{"start":{"line":61,"column":10},"end":{"line":61,"column":11}},"loc":{"start":{"line":61,"column":29},"end":{"line":69,"column":11}},"line":61},"3":{"name":"(anonymous_3)","decl":{"start":{"line":97,"column":42},"end":{"line":97,"column":43}},"loc":{"start":{"line":97,"column":52},"end":{"line":97,"column":76}},"line":97},"4":{"name":"(anonymous_4)","decl":{"start":{"line":142,"column":37},"end":{"line":142,"column":38}},"loc":{"start":{"line":142,"column":63},"end":{"line":165,"column":1}},"line":142},"5":{"name":"(anonymous_5)","decl":{"start":{"line":152,"column":28},"end":{"line":152,"column":29}},"loc":{"start":{"line":152,"column":40},"end":{"line":154,"column":3}},"line":152},"6":{"name":"(anonymous_6)","decl":{"start":{"line":153,"column":39},"end":{"line":153,"column":40}},"loc":{"start":{"line":153,"column":47},"end":{"line":153,"column":82}},"line":153},"7":{"name":"(anonymous_7)","decl":{"start":{"line":168,"column":38},"end":{"line":168,"column":39}},"loc":{"start":{"line":168,"column":64},"end":{"line":196,"column":1}},"line":168},"8":{"name":"(anonymous_8)","decl":{"start":{"line":180,"column":55},"end":{"line":180,"column":56}},"loc":{"start":{"line":180,"column":63},"end":{"line":180,"column":98}},"line":180},"9":{"name":"(anonymous_9)","decl":{"start":{"line":198,"column":38},"end":{"line":198,"column":39}},"loc":{"start":{"line":198,"column":64},"end":{"line":231,"column":1}},"line":198},"10":{"name":"(anonymous_10)","decl":{"start":{"line":233,"column":38},"end":{"line":233,"column":39}},"loc":{"start":{"line":233,"column":64},"end":{"line":258,"column":1}},"line":233},"11":{"name":"(anonymous_11)","decl":{"start":{"line":260,"column":40},"end":{"line":260,"column":41}},"loc":{"start":{"line":260,"column":66},"end":{"line":297,"column":1}},"line":260},"12":{"name":"(anonymous_12)","decl":{"start":{"line":299,"column":43},"end":{"line":299,"column":44}},"loc":{"start":{"line":299,"column":69},"end":{"line":331,"column":1}},"line":299},"13":{"name":"(anonymous_13)","decl":{"start":{"line":333,"column":37},"end":{"line":333,"column":38}},"loc":{"start":{"line":333,"column":63},"end":{"line":385,"column":1}},"line":333},"14":{"name":"(anonymous_14)","decl":{"start":{"line":387,"column":44},"end":{"line":387,"column":45}},"loc":{"start":{"line":387,"column":70},"end":{"line":411,"column":1}},"line":387},"15":{"name":"(anonymous_15)","decl":{"start":{"line":413,"column":37},"end":{"line":413,"column":38}},"loc":{"start":{"line":413,"column":63},"end":{"line":445,"column":1}},"line":413},"16":{"name":"(anonymous_16)","decl":{"start":{"line":448,"column":47},"end":{"line":448,"column":48}},"loc":{"start":{"line":448,"column":73},"end":{"line":476,"column":1}},"line":448},"17":{"name":"(anonymous_17)","decl":{"start":{"line":458,"column":41},"end":{"line":458,"column":42}},"loc":{"start":{"line":458,"column":49},"end":{"line":458,"column":84}},"line":458},"18":{"name":"(anonymous_18)","decl":{"start":{"line":479,"column":41},"end":{"line":479,"column":42}},"loc":{"start":{"line":479,"column":67},"end":{"line":512,"column":1}},"line":479},"19":{"name":"(anonymous_19)","decl":{"start":{"line":515,"column":40},"end":{"line":515,"column":41}},"loc":{"start":{"line":515,"column":66},"end":{"line":540,"column":1}},"line":515},"20":{"name":"(anonymous_20)","decl":{"start":{"line":543,"column":36},"end":{"line":543,"column":37}},"loc":{"start":{"line":543,"column":62},"end":{"line":572,"column":1}},"line":543}},"branchMap":{"0":{"loc":{"start":{"line":15,"column":2},"end":{"line":17,"column":3}},"type":"if","locations":[{"start":{"line":15,"column":2},"end":{"line":17,"column":3}},{"start":{},"end":{}}],"line":15},"1":{"loc":{"start":{"line":15,"column":6},"end":{"line":15,"column":32}},"type":"binary-expr","locations":[{"start":{"line":15,"column":6},"end":{"line":15,"column":15}},{"start":{"line":15,"column":19},"end":{"line":15,"column":32}}],"line":15},"2":{"loc":{"start":{"line":20,"column":28},"end":{"line":20,"column":112}},"type":"cond-expr","locations":[{"start":{"line":20,"column":35},"end":{"line":20,"column":100}},{"start":{"line":20,"column":103},"end":{"line":20,"column":112}}],"line":20},"3":{"loc":{"start":{"line":23,"column":14},"end":{"line":23,"column":32}},"type":"binary-expr","locations":[{"start":{"line":23,"column":14},"end":{"line":23,"column":22}},{"start":{"line":23,"column":26},"end":{"line":23,"column":32}}],"line":23},"4":{"loc":{"start":{"line":28,"column":2},"end":{"line":44,"column":3}},"type":"if","locations":[{"start":{"line":28,"column":2},"end":{"line":44,"column":3}},{"start":{},"end":{}}],"line":28},"5":{"loc":{"start":{"line":28,"column":6},"end":{"line":28,"column":49}},"type":"binary-expr","locations":[{"start":{"line":28,"column":6},"end":{"line":28,"column":26}},{"start":{"line":28,"column":31},"end":{"line":28,"column":40}},{"start":{"line":28,"column":44},"end":{"line":28,"column":48}}],"line":28},"6":{"loc":{"start":{"line":29,"column":4},"end":{"line":29,"column":67}},"type":"if","locations":[{"start":{"line":29,"column":4},"end":{"line":29,"column":67}},{"start":{},"end":{}}],"line":29},"7":{"loc":{"start":{"line":47,"column":2},"end":{"line":85,"column":3}},"type":"if","locations":[{"start":{"line":47,"column":2},"end":{"line":85,"column":3}},{"start":{},"end":{}}],"line":47},"8":{"loc":{"start":{"line":48,"column":4},"end":{"line":48,"column":72}},"type":"if","locations":[{"start":{"line":48,"column":4},"end":{"line":48,"column":72}},{"start":{},"end":{}}],"line":48},"9":{"loc":{"start":{"line":62,"column":12},"end":{"line":68,"column":13}},"type":"if","locations":[{"start":{"line":62,"column":12},"end":{"line":68,"column":13}},{"start":{"line":65,"column":19},"end":{"line":68,"column":13}}],"line":62},"10":{"loc":{"start":{"line":88,"column":2},"end":{"line":101,"column":3}},"type":"if","locations":[{"start":{"line":88,"column":2},"end":{"line":101,"column":3}},{"start":{},"end":{}}],"line":88},"11":{"loc":{"start":{"line":89,"column":27},"end":{"line":89,"column":89}},"type":"cond-expr","locations":[{"start":{"line":89,"column":58},"end":{"line":89,"column":78}},{"start":{"line":89,"column":81},"end":{"line":89,"column":89}}],"line":89},"12":{"loc":{"start":{"line":91,"column":4},"end":{"line":93,"column":5}},"type":"if","locations":[{"start":{"line":91,"column":4},"end":{"line":93,"column":5}},{"start":{},"end":{}}],"line":91},"13":{"loc":{"start":{"line":91,"column":8},"end":{"line":91,"column":87}},"type":"binary-expr","locations":[{"start":{"line":91,"column":8},"end":{"line":91,"column":23}},{"start":{"line":91,"column":27},"end":{"line":91,"column":50}},{"start":{"line":91,"column":54},"end":{"line":91,"column":87}}],"line":91},"14":{"loc":{"start":{"line":96,"column":16},"end":{"line":96,"column":50}},"type":"binary-expr","locations":[{"start":{"line":96,"column":16},"end":{"line":96,"column":39}},{"start":{"line":96,"column":43},"end":{"line":96,"column":50}}],"line":96},"15":{"loc":{"start":{"line":98,"column":17},"end":{"line":98,"column":49}},"type":"binary-expr","locations":[{"start":{"line":98,"column":17},"end":{"line":98,"column":41}},{"start":{"line":98,"column":45},"end":{"line":98,"column":49}}],"line":98},"16":{"loc":{"start":{"line":104,"column":2},"end":{"line":119,"column":3}},"type":"if","locations":[{"start":{"line":104,"column":2},"end":{"line":119,"column":3}},{"start":{},"end":{}}],"line":104},"17":{"loc":{"start":{"line":105,"column":28},"end":{"line":105,"column":93}},"type":"cond-expr","locations":[{"start":{"line":105,"column":60},"end":{"line":105,"column":81}},{"start":{"line":105,"column":84},"end":{"line":105,"column":93}}],"line":105},"18":{"loc":{"start":{"line":107,"column":4},"end":{"line":109,"column":5}},"type":"if","locations":[{"start":{"line":107,"column":4},"end":{"line":109,"column":5}},{"start":{},"end":{}}],"line":107},"19":{"loc":{"start":{"line":107,"column":8},"end":{"line":107,"column":75}},"type":"binary-expr","locations":[{"start":{"line":107,"column":8},"end":{"line":107,"column":24}},{"start":{"line":107,"column":28},"end":{"line":107,"column":50}},{"start":{"line":107,"column":54},"end":{"line":107,"column":75}}],"line":107},"20":{"loc":{"start":{"line":124,"column":2},"end":{"line":127,"column":3}},"type":"if","locations":[{"start":{"line":124,"column":2},"end":{"line":127,"column":3}},{"start":{},"end":{}}],"line":124},"21":{"loc":{"start":{"line":147,"column":2},"end":{"line":149,"column":3}},"type":"if","locations":[{"start":{"line":147,"column":2},"end":{"line":149,"column":3}},{"start":{},"end":{}}],"line":147},"22":{"loc":{"start":{"line":147,"column":6},"end":{"line":147,"column":39}},"type":"binary-expr","locations":[{"start":{"line":147,"column":6},"end":{"line":147,"column":11}},{"start":{"line":147,"column":15},"end":{"line":147,"column":39}}],"line":147},"23":{"loc":{"start":{"line":173,"column":2},"end":{"line":175,"column":3}},"type":"if","locations":[{"start":{"line":173,"column":2},"end":{"line":175,"column":3}},{"start":{},"end":{}}],"line":173},"24":{"loc":{"start":{"line":173,"column":6},"end":{"line":173,"column":40}},"type":"binary-expr","locations":[{"start":{"line":173,"column":6},"end":{"line":173,"column":11}},{"start":{"line":173,"column":15},"end":{"line":173,"column":40}}],"line":173},"25":{"loc":{"start":{"line":179,"column":2},"end":{"line":195,"column":3}},"type":"if","locations":[{"start":{"line":179,"column":2},"end":{"line":195,"column":3}},{"start":{"line":187,"column":9},"end":{"line":195,"column":3}}],"line":179},"26":{"loc":{"start":{"line":287,"column":2},"end":{"line":289,"column":3}},"type":"if","locations":[{"start":{"line":287,"column":2},"end":{"line":289,"column":3}},{"start":{},"end":{}}],"line":287},"27":{"loc":{"start":{"line":306,"column":2},"end":{"line":306,"column":62}},"type":"if","locations":[{"start":{"line":306,"column":2},"end":{"line":306,"column":62}},{"start":{},"end":{}}],"line":306},"28":{"loc":{"start":{"line":309,"column":2},"end":{"line":309,"column":62}},"type":"if","locations":[{"start":{"line":309,"column":2},"end":{"line":309,"column":62}},{"start":{},"end":{}}],"line":309},"29":{"loc":{"start":{"line":313,"column":2},"end":{"line":330,"column":3}},"type":"if","locations":[{"start":{"line":313,"column":2},"end":{"line":330,"column":3}},{"start":{"line":321,"column":9},"end":{"line":330,"column":3}}],"line":313},"30":{"loc":{"start":{"line":339,"column":2},"end":{"line":341,"column":3}},"type":"if","locations":[{"start":{"line":339,"column":2},"end":{"line":341,"column":3}},{"start":{},"end":{}}],"line":339},"31":{"loc":{"start":{"line":343,"column":2},"end":{"line":345,"column":3}},"type":"if","locations":[{"start":{"line":343,"column":2},"end":{"line":345,"column":3}},{"start":{},"end":{}}],"line":343},"32":{"loc":{"start":{"line":357,"column":2},"end":{"line":365,"column":3}},"type":"if","locations":[{"start":{"line":357,"column":2},"end":{"line":365,"column":3}},{"start":{},"end":{}}],"line":357},"33":{"loc":{"start":{"line":368,"column":2},"end":{"line":376,"column":3}},"type":"if","locations":[{"start":{"line":368,"column":2},"end":{"line":376,"column":3}},{"start":{},"end":{}}],"line":368},"34":{"loc":{"start":{"line":393,"column":2},"end":{"line":393,"column":62}},"type":"if","locations":[{"start":{"line":393,"column":2},"end":{"line":393,"column":62}},{"start":{},"end":{}}],"line":393},"35":{"loc":{"start":{"line":397,"column":2},"end":{"line":410,"column":3}},"type":"if","locations":[{"start":{"line":397,"column":2},"end":{"line":410,"column":3}},{"start":{"line":404,"column":9},"end":{"line":410,"column":3}}],"line":397},"36":{"loc":{"start":{"line":421,"column":2},"end":{"line":421,"column":62}},"type":"if","locations":[{"start":{"line":421,"column":2},"end":{"line":421,"column":62}},{"start":{},"end":{}}],"line":421},"37":{"loc":{"start":{"line":422,"column":2},"end":{"line":422,"column":72}},"type":"if","locations":[{"start":{"line":422,"column":2},"end":{"line":422,"column":72}},{"start":{},"end":{}}],"line":422},"38":{"loc":{"start":{"line":453,"column":2},"end":{"line":453,"column":68}},"type":"if","locations":[{"start":{"line":453,"column":2},"end":{"line":453,"column":68}},{"start":{},"end":{}}],"line":453},"39":{"loc":{"start":{"line":457,"column":2},"end":{"line":475,"column":3}},"type":"if","locations":[{"start":{"line":457,"column":2},"end":{"line":475,"column":3}},{"start":{"line":466,"column":9},"end":{"line":475,"column":3}}],"line":457},"40":{"loc":{"start":{"line":484,"column":2},"end":{"line":484,"column":70}},"type":"if","locations":[{"start":{"line":484,"column":2},"end":{"line":484,"column":70}},{"start":{},"end":{}}],"line":484},"41":{"loc":{"start":{"line":487,"column":2},"end":{"line":487,"column":74}},"type":"if","locations":[{"start":{"line":487,"column":2},"end":{"line":487,"column":74}},{"start":{},"end":{}}],"line":487},"42":{"loc":{"start":{"line":520,"column":2},"end":{"line":520,"column":68}},"type":"if","locations":[{"start":{"line":520,"column":2},"end":{"line":520,"column":68}},{"start":{},"end":{}}],"line":520},"43":{"loc":{"start":{"line":523,"column":2},"end":{"line":525,"column":3}},"type":"if","locations":[{"start":{"line":523,"column":2},"end":{"line":525,"column":3}},{"start":{},"end":{}}],"line":523},"44":{"loc":{"start":{"line":549,"column":2},"end":{"line":549,"column":62}},"type":"if","locations":[{"start":{"line":549,"column":2},"end":{"line":549,"column":62}},{"start":{},"end":{}}],"line":549},"45":{"loc":{"start":{"line":553,"column":2},"end":{"line":571,"column":3}},"type":"if","locations":[{"start":{"line":553,"column":2},"end":{"line":571,"column":3}},{"start":{"line":562,"column":9},"end":{"line":571,"column":3}}],"line":553}},"s":{"0":2,"1":8,"2":8,"3":8,"4":8,"5":0,"6":8,"7":8,"8":8,"9":8,"10":0,"11":0,"12":0,"13":0,"14":0,"15":0,"16":0,"17":8,"18":0,"19":0,"20":0,"21":0,"22":0,"23":0,"24":0,"25":0,"26":0,"27":0,"28":0,"29":0,"30":0,"31":0,"32":0,"33":0,"34":8,"35":0,"36":0,"37":0,"38":0,"39":0,"40":0,"41":8,"42":0,"43":0,"44":0,"45":0,"46":0,"47":8,"48":8,"49":8,"50":8,"51":8,"52":8,"53":8,"54":2,"55":0,"56":0,"57":0,"58":0,"59":0,"60":0,"61":0,"62":0,"63":0,"64":0,"65":0,"66":2,"67":0,"68":0,"69":0,"70":0,"71":0,"72":0,"73":0,"74":0,"75":0,"76":0,"77":0,"78":0,"79":0,"80":0,"81":2,"82":2,"83":2,"84":2,"85":0,"86":0,"87":0,"88":2,"89":0,"90":0,"91":0,"92":0,"93":0,"94":2,"95":0,"96":0,"97":0,"98":0,"99":0,"100":0,"101":0,"102":0,"103":0,"104":0,"105":0,"106":0,"107":0,"108":0,"109":0,"110":0,"111":0,"112":2,"113":2,"114":2,"115":2,"116":2,"117":1,"118":1,"119":0,"120":1,"121":1,"122":1,"123":1,"124":0,"125":0,"126":0,"127":0,"128":1,"129":0,"130":0,"131":0,"132":0,"133":1,"134":1,"135":2,"136":4,"137":4,"138":4,"139":4,"140":1,"141":3,"142":3,"143":1,"144":1,"145":2,"146":2,"147":2,"148":0,"149":0,"150":0,"151":0,"152":0,"153":0,"154":0,"155":0,"156":0,"157":0,"158":0,"159":0,"160":0,"161":2,"162":0,"163":0,"164":0,"165":0,"166":0,"167":0,"168":0,"169":0,"170":0,"171":0,"172":0,"173":0,"174":0,"175":0,"176":2,"177":0,"178":0,"179":0,"180":0,"181":0,"182":0,"183":0,"184":0,"185":0,"186":0,"187":0,"188":0,"189":0,"190":2,"191":0,"192":0,"193":0,"194":0,"195":0,"196":0,"197":0,"198":0,"199":0,"200":0,"201":0,"202":2,"203":0,"204":0,"205":0,"206":0,"207":0,"208":0,"209":0,"210":0,"211":0,"212":0,"213":0},"f":{"0":8,"1":0,"2":0,"3":0,"4":0,"5":0,"6":0,"7":0,"8":0,"9":2,"10":0,"11":0,"12":0,"13":2,"14":4,"15":0,"16":0,"17":0,"18":0,"19":0,"20":0},"b":{"0":[0,8],"1":[8,8],"2":[0,8],"3":[8,0],"4":[0,8],"5":[8,8,0],"6":[0,0],"7":[0,8],"8":[0,0],"9":[0,0],"10":[0,8],"11":[0,0],"12":[0,0],"13":[0,0,0],"14":[0,0],"15":[0,0],"16":[0,8],"17":[0,0],"18":[0,0],"19":[0,0,0],"20":[8,0],"21":[0,0],"22":[0,0],"23":[0,0],"24":[0,0],"25":[0,0],"26":[0,0],"27":[0,0],"28":[0,0],"29":[0,0],"30":[1,1],"31":[0,1],"32":[0,1],"33":[0,1],"34":[1,3],"35":[1,2],"36":[0,0],"37":[0,0],"38":[0,0],"39":[0,0],"40":[0,0],"41":[0,0],"42":[0,0],"43":[0,0],"44":[0,0],"45":[0,0]},"inputSourceMap":null,"_coverageSchema":"1a1c01bbd47fc00a2c39e90264f33305004495a9","hash":"e3ac3cc259c23e47f9af8e83329095bddb852a75"}
,"C:\\Users\\HP\\Documents\\Project_fullStack\\social-media-app\\backend\\controllers\\userController.js": {"path":"C:\\Users\\HP\\Documents\\Project_fullStack\\social-media-app\\backend\\controllers\\userController.js","statementMap":{"0":{"start":{"line":10,"column":26},"end":{"line":38,"column":2}},"1":{"start":{"line":11,"column":17},"end":{"line":11,"column":27}},"2":{"start":{"line":12,"column":15},"end":{"line":26,"column":6}},"3":{"start":{"line":28,"column":2},"end":{"line":30,"column":3}},"4":{"start":{"line":29,"column":4},"end":{"line":29,"column":53}},"5":{"start":{"line":32,"column":2},"end":{"line":37,"column":5}},"6":{"start":{"line":40,"column":27},"end":{"line":90,"column":2}},"7":{"start":{"line":41,"column":17},"end":{"line":41,"column":28}},"8":{"start":{"line":44,"column":56},"end":{"line":44,"column":64}},"9":{"start":{"line":47,"column":25},"end":{"line":47,"column":55}},"10":{"start":{"line":48,"column":26},"end":{"line":48,"column":57}},"11":{"start":{"line":54,"column":2},"end":{"line":58,"column":3}},"12":{"start":{"line":55,"column":20},"end":{"line":55,"column":52}},"13":{"start":{"line":56,"column":26},"end":{"line":56,"column":59}},"14":{"start":{"line":57,"column":4},"end":{"line":57,"column":49}},"15":{"start":{"line":61,"column":2},"end":{"line":65,"column":3}},"16":{"start":{"line":62,"column":20},"end":{"line":62,"column":53}},"17":{"start":{"line":63,"column":26},"end":{"line":63,"column":59}},"18":{"start":{"line":64,"column":4},"end":{"line":64,"column":50}},"19":{"start":{"line":67,"column":15},"end":{"line":67,"column":62}},"20":{"start":{"line":69,"column":2},"end":{"line":69,"column":62}},"21":{"start":{"line":69,"column":13},"end":{"line":69,"column":62}},"22":{"start":{"line":72,"column":2},"end":{"line":72,"column":40}},"23":{"start":{"line":72,"column":15},"end":{"line":72,"column":40}},"24":{"start":{"line":73,"column":2},"end":{"line":73,"column":26}},"25":{"start":{"line":73,"column":11},"end":{"line":73,"column":26}},"26":{"start":{"line":74,"column":2},"end":{"line":74,"column":29}},"27":{"start":{"line":74,"column":12},"end":{"line":74,"column":29}},"28":{"start":{"line":75,"column":2},"end":{"line":75,"column":35}},"29":{"start":{"line":75,"column":14},"end":{"line":75,"column":35}},"30":{"start":{"line":76,"column":2},"end":{"line":76,"column":29}},"31":{"start":{"line":76,"column":12},"end":{"line":76,"column":29}},"32":{"start":{"line":77,"column":2},"end":{"line":77,"column":38}},"33":{"start":{"line":77,"column":15},"end":{"line":77,"column":38}},"34":{"start":{"line":78,"column":2},"end":{"line":78,"column":65}},"35":{"start":{"line":78,"column":25},"end":{"line":78,"column":65}},"36":{"start":{"line":79,"column":2},"end":{"line":79,"column":68}},"37":{"start":{"line":79,"column":26},"end":{"line":79,"column":68}},"38":{"start":{"line":81,"column":2},"end":{"line":81,"column":49}},"39":{"start":{"line":83,"column":2},"end":{"line":89,"column":5}},"40":{"start":{"line":92,"column":29},"end":{"line":105,"column":2}},"41":{"start":{"line":93,"column":22},"end":{"line":93,"column":33}},"42":{"start":{"line":95,"column":16},"end":{"line":97,"column":3}},"43":{"start":{"line":99,"column":2},"end":{"line":104,"column":5}},"44":{"start":{"line":107,"column":30},"end":{"line":142,"column":2}},"45":{"start":{"line":108,"column":22},"end":{"line":108,"column":34}},"46":{"start":{"line":109,"column":23},"end":{"line":109,"column":36}},"47":{"start":{"line":111,"column":2},"end":{"line":113,"column":3}},"48":{"start":{"line":112,"column":4},"end":{"line":112,"column":73}},"49":{"start":{"line":115,"column":21},"end":{"line":115,"column":54}},"50":{"start":{"line":117,"column":2},"end":{"line":117,"column":68}},"51":{"start":{"line":117,"column":19},"end":{"line":117,"column":68}},"52":{"start":{"line":119,"column":22},"end":{"line":119,"column":64}},"53":{"start":{"line":121,"column":2},"end":{"line":131,"column":3}},"54":{"start":{"line":122,"column":4},"end":{"line":125,"column":7}},"55":{"start":{"line":127,"column":4},"end":{"line":130,"column":7}},"56":{"start":{"line":133,"column":30},"end":{"line":133,"column":82}},"57":{"start":{"line":135,"column":2},"end":{"line":141,"column":5}},"58":{"start":{"line":144,"column":21},"end":{"line":155,"column":2}},"59":{"start":{"line":145,"column":15},"end":{"line":145,"column":23}},"60":{"start":{"line":146,"column":2},"end":{"line":146,"column":70}},"61":{"start":{"line":146,"column":13},"end":{"line":146,"column":70}},"62":{"start":{"line":148,"column":2},"end":{"line":154,"column":5}},"63":{"start":{"line":157,"column":34},"end":{"line":179,"column":2}},"64":{"start":{"line":158,"column":17},"end":{"line":158,"column":29}},"65":{"start":{"line":160,"column":15},"end":{"line":160,"column":42}},"66":{"start":{"line":162,"column":2},"end":{"line":162,"column":60}},"67":{"start":{"line":162,"column":12},"end":{"line":162,"column":60}},"68":{"start":{"line":165,"column":2},"end":{"line":165,"column":24}},"69":{"start":{"line":166,"column":2},"end":{"line":166,"column":29}},"70":{"start":{"line":167,"column":2},"end":{"line":167,"column":40}},"71":{"start":{"line":168,"column":2},"end":{"line":168,"column":75}},"72":{"start":{"line":170,"column":2},"end":{"line":170,"column":45}},"73":{"start":{"line":172,"column":2},"end":{"line":178,"column":4}},"74":{"start":{"line":181,"column":40},"end":{"line":293,"column":2}},"75":{"start":{"line":182,"column":17},"end":{"line":182,"column":29}},"76":{"start":{"line":183,"column":21},"end":{"line":183,"column":29}},"77":{"start":{"line":185,"column":15},"end":{"line":185,"column":62}},"78":{"start":{"line":186,"column":2},"end":{"line":186,"column":60}},"79":{"start":{"line":186,"column":12},"end":{"line":186,"column":60}},"80":{"start":{"line":188,"column":28},"end":{"line":188,"column":79}},"81":{"start":{"line":190,"column":2},"end":{"line":192,"column":3}},"82":{"start":{"line":191,"column":4},"end":{"line":191,"column":52}},"83":{"start":{"line":194,"column":20},"end":{"line":194,"column":50}},"84":{"start":{"line":197,"column":2},"end":{"line":219,"column":3}},"85":{"start":{"line":201,"column":4},"end":{"line":207,"column":5}},"86":{"start":{"line":202,"column":6},"end":{"line":206,"column":7}},"87":{"start":{"line":203,"column":8},"end":{"line":203,"column":66}},"88":{"start":{"line":205,"column":8},"end":{"line":205,"column":50}},"89":{"start":{"line":211,"column":4},"end":{"line":218,"column":5}},"90":{"start":{"line":212,"column":6},"end":{"line":217,"column":7}},"91":{"start":{"line":213,"column":8},"end":{"line":213,"column":90}},"92":{"start":{"line":216,"column":8},"end":{"line":216,"column":55}},"93":{"start":{"line":222,"column":2},"end":{"line":222,"column":39}},"94":{"start":{"line":225,"column":2},"end":{"line":225,"column":42}},"95":{"start":{"line":228,"column":2},"end":{"line":231,"column":4}},"96":{"start":{"line":234,"column":2},"end":{"line":237,"column":4}},"97":{"start":{"line":241,"column":2},"end":{"line":244,"column":4}},"98":{"start":{"line":246,"column":2},"end":{"line":249,"column":4}},"99":{"start":{"line":253,"column":2},"end":{"line":256,"column":4}},"100":{"start":{"line":259,"column":2},"end":{"line":267,"column":3}},"101":{"start":{"line":260,"column":3},"end":{"line":266,"column":5}},"102":{"start":{"line":262,"column":23},"end":{"line":262,"column":73}},"103":{"start":{"line":263,"column":6},"end":{"line":263,"column":53}},"104":{"start":{"line":265,"column":6},"end":{"line":265,"column":64}},"105":{"start":{"line":269,"column":2},"end":{"line":276,"column":3}},"106":{"start":{"line":270,"column":4},"end":{"line":275,"column":5}},"107":{"start":{"line":271,"column":23},"end":{"line":271,"column":74}},"108":{"start":{"line":272,"column":6},"end":{"line":272,"column":53}},"109":{"start":{"line":274,"column":6},"end":{"line":274,"column":65}},"110":{"start":{"line":279,"column":2},"end":{"line":279,"column":39}},"111":{"start":{"line":281,"column":2},"end":{"line":286,"column":5}},"112":{"start":{"line":288,"column":2},"end":{"line":291,"column":5}},"113":{"start":{"line":296,"column":33},"end":{"line":324,"column":2}},"114":{"start":{"line":297,"column":17},"end":{"line":297,"column":29}},"115":{"start":{"line":299,"column":15},"end":{"line":299,"column":42}},"116":{"start":{"line":300,"column":2},"end":{"line":300,"column":61}},"117":{"start":{"line":300,"column":12},"end":{"line":300,"column":61}},"118":{"start":{"line":302,"column":2},"end":{"line":304,"column":3}},"119":{"start":{"line":303,"column":4},"end":{"line":303,"column":64}},"120":{"start":{"line":308,"column":2},"end":{"line":308,"column":103}},"121":{"start":{"line":308,"column":42},"end":{"line":308,"column":103}},"122":{"start":{"line":311,"column":2},"end":{"line":311,"column":25}},"123":{"start":{"line":312,"column":2},"end":{"line":312,"column":27}},"124":{"start":{"line":313,"column":2},"end":{"line":313,"column":34}},"125":{"start":{"line":314,"column":2},"end":{"line":314,"column":32}},"126":{"start":{"line":316,"column":2},"end":{"line":316,"column":46}},"127":{"start":{"line":318,"column":4},"end":{"line":322,"column":5}}},"fnMap":{"0":{"name":"(anonymous_0)","decl":{"start":{"line":10,"column":37},"end":{"line":10,"column":38}},"loc":{"start":{"line":10,"column":63},"end":{"line":38,"column":1}},"line":10},"1":{"name":"(anonymous_1)","decl":{"start":{"line":40,"column":38},"end":{"line":40,"column":39}},"loc":{"start":{"line":40,"column":64},"end":{"line":90,"column":1}},"line":40},"2":{"name":"(anonymous_2)","decl":{"start":{"line":92,"column":40},"end":{"line":92,"column":41}},"loc":{"start":{"line":92,"column":66},"end":{"line":105,"column":1}},"line":92},"3":{"name":"(anonymous_3)","decl":{"start":{"line":107,"column":41},"end":{"line":107,"column":42}},"loc":{"start":{"line":107,"column":67},"end":{"line":142,"column":1}},"line":107},"4":{"name":"(anonymous_4)","decl":{"start":{"line":144,"column":32},"end":{"line":144,"column":33}},"loc":{"start":{"line":144,"column":58},"end":{"line":155,"column":1}},"line":144},"5":{"name":"(anonymous_5)","decl":{"start":{"line":157,"column":45},"end":{"line":157,"column":46}},"loc":{"start":{"line":157,"column":69},"end":{"line":179,"column":1}},"line":157},"6":{"name":"(anonymous_6)","decl":{"start":{"line":181,"column":51},"end":{"line":181,"column":52}},"loc":{"start":{"line":181,"column":75},"end":{"line":293,"column":1}},"line":181},"7":{"name":"(anonymous_7)","decl":{"start":{"line":296,"column":44},"end":{"line":296,"column":45}},"loc":{"start":{"line":296,"column":68},"end":{"line":324,"column":1}},"line":296}},"branchMap":{"0":{"loc":{"start":{"line":28,"column":2},"end":{"line":30,"column":3}},"type":"if","locations":[{"start":{"line":28,"column":2},"end":{"line":30,"column":3}},{"start":{},"end":{}}],"line":28},"1":{"loc":{"start":{"line":54,"column":2},"end":{"line":58,"column":3}},"type":"if","locations":[{"start":{"line":54,"column":2},"end":{"line":58,"column":3}},{"start":{},"end":{}}],"line":54},"2":{"loc":{"start":{"line":61,"column":2},"end":{"line":65,"column":3}},"type":"if","locations":[{"start":{"line":61,"column":2},"end":{"line":65,"column":3}},{"start":{},"end":{}}],"line":61},"3":{"loc":{"start":{"line":69,"column":2},"end":{"line":69,"column":62}},"type":"if","locations":[{"start":{"line":69,"column":2},"end":{"line":69,"column":62}},{"start":{},"end":{}}],"line":69},"4":{"loc":{"start":{"line":72,"column":2},"end":{"line":72,"column":40}},"type":"if","locations":[{"start":{"line":72,"column":2},"end":{"line":72,"column":40}},{"start":{},"end":{}}],"line":72},"5":{"loc":{"start":{"line":73,"column":2},"end":{"line":73,"column":26}},"type":"if","locations":[{"start":{"line":73,"column":2},"end":{"line":73,"column":26}},{"start":{},"end":{}}],"line":73},"6":{"loc":{"start":{"line":74,"column":2},"end":{"line":74,"column":29}},"type":"if","locations":[{"start":{"line":74,"column":2},"end":{"line":74,"column":29}},{"start":{},"end":{}}],"line":74},"7":{"loc":{"start":{"line":75,"column":2},"end":{"line":75,"column":35}},"type":"if","locations":[{"start":{"line":75,"column":2},"end":{"line":75,"column":35}},{"start":{},"end":{}}],"line":75},"8":{"loc":{"start":{"line":76,"column":2},"end":{"line":76,"column":29}},"type":"if","locations":[{"start":{"line":76,"column":2},"end":{"line":76,"column":29}},{"start":{},"end":{}}],"line":76},"9":{"loc":{"start":{"line":77,"column":2},"end":{"line":77,"column":38}},"type":"if","locations":[{"start":{"line":77,"column":2},"end":{"line":77,"column":38}},{"start":{},"end":{}}],"line":77},"10":{"loc":{"start":{"line":78,"column":2},"end":{"line":78,"column":65}},"type":"if","locations":[{"start":{"line":78,"column":2},"end":{"line":78,"column":65}},{"start":{},"end":{}}],"line":78},"11":{"loc":{"start":{"line":79,"column":2},"end":{"line":79,"column":68}},"type":"if","locations":[{"start":{"line":79,"column":2},"end":{"line":79,"column":68}},{"start":{},"end":{}}],"line":79},"12":{"loc":{"start":{"line":111,"column":2},"end":{"line":113,"column":3}},"type":"if","locations":[{"start":{"line":111,"column":2},"end":{"line":113,"column":3}},{"start":{},"end":{}}],"line":111},"13":{"loc":{"start":{"line":117,"column":2},"end":{"line":117,"column":68}},"type":"if","locations":[{"start":{"line":117,"column":2},"end":{"line":117,"column":68}},{"start":{},"end":{}}],"line":117},"14":{"loc":{"start":{"line":121,"column":2},"end":{"line":131,"column":3}},"type":"if","locations":[{"start":{"line":121,"column":2},"end":{"line":131,"column":3}},{"start":{"line":126,"column":9},"end":{"line":131,"column":3}}],"line":121},"15":{"loc":{"start":{"line":137,"column":13},"end":{"line":137,"column":62}},"type":"cond-expr","locations":[{"start":{"line":137,"column":27},"end":{"line":137,"column":44}},{"start":{"line":137,"column":47},"end":{"line":137,"column":62}}],"line":137},"16":{"loc":{"start":{"line":146,"column":2},"end":{"line":146,"column":70}},"type":"if","locations":[{"start":{"line":146,"column":2},"end":{"line":146,"column":70}},{"start":{},"end":{}}],"line":146},"17":{"loc":{"start":{"line":162,"column":2},"end":{"line":162,"column":60}},"type":"if","locations":[{"start":{"line":162,"column":2},"end":{"line":162,"column":60}},{"start":{},"end":{}}],"line":162},"18":{"loc":{"start":{"line":186,"column":2},"end":{"line":186,"column":60}},"type":"if","locations":[{"start":{"line":186,"column":2},"end":{"line":186,"column":60}},{"start":{},"end":{}}],"line":186},"19":{"loc":{"start":{"line":190,"column":2},"end":{"line":192,"column":3}},"type":"if","locations":[{"start":{"line":190,"column":2},"end":{"line":192,"column":3}},{"start":{},"end":{}}],"line":190},"20":{"loc":{"start":{"line":201,"column":4},"end":{"line":207,"column":5}},"type":"if","locations":[{"start":{"line":201,"column":4},"end":{"line":207,"column":5}},{"start":{},"end":{}}],"line":201},"21":{"loc":{"start":{"line":211,"column":4},"end":{"line":218,"column":5}},"type":"if","locations":[{"start":{"line":211,"column":4},"end":{"line":218,"column":5}},{"start":{},"end":{}}],"line":211},"22":{"loc":{"start":{"line":259,"column":2},"end":{"line":267,"column":3}},"type":"if","locations":[{"start":{"line":259,"column":2},"end":{"line":267,"column":3}},{"start":{},"end":{}}],"line":259},"23":{"loc":{"start":{"line":269,"column":2},"end":{"line":276,"column":3}},"type":"if","locations":[{"start":{"line":269,"column":2},"end":{"line":276,"column":3}},{"start":{},"end":{}}],"line":269},"24":{"loc":{"start":{"line":285,"column":14},"end":{"line":285,"column":68}},"type":"cond-expr","locations":[{"start":{"line":285,"column":54},"end":{"line":285,"column":60}},{"start":{"line":285,"column":63},"end":{"line":285,"column":68}}],"line":285},"25":{"loc":{"start":{"line":300,"column":2},"end":{"line":300,"column":61}},"type":"if","locations":[{"start":{"line":300,"column":2},"end":{"line":300,"column":61}},{"start":{},"end":{}}],"line":300},"26":{"loc":{"start":{"line":302,"column":2},"end":{"line":304,"column":3}},"type":"if","locations":[{"start":{"line":302,"column":2},"end":{"line":304,"column":3}},{"start":{},"end":{}}],"line":302},"27":{"loc":{"start":{"line":302,"column":5},"end":{"line":302,"column":52}},"type":"binary-expr","locations":[{"start":{"line":302,"column":5},"end":{"line":302,"column":20}},{"start":{"line":302,"column":24},"end":{"line":302,"column":52}}],"line":302},"28":{"loc":{"start":{"line":308,"column":2},"end":{"line":308,"column":103}},"type":"if","locations":[{"start":{"line":308,"column":2},"end":{"line":308,"column":103}},{"start":{},"end":{}}],"line":308}},"s":{"0":2,"1":0,"2":0,"3":0,"4":0,"5":0,"6":2,"7":0,"8":0,"9":0,"10":0,"11":0,"12":0,"13":0,"14":0,"15":0,"16":0,"17":0,"18":0,"19":0,"20":0,"21":0,"22":0,"23":0,"24":0,"25":0,"26":0,"27":0,"28":0,"29":0,"30":0,"31":0,"32":0,"33":0,"34":0,"35":0,"36":0,"37":0,"38":0,"39":0,"40":2,"41":0,"42":0,"43":0,"44":2,"45":0,"46":0,"47":0,"48":0,"49":0,"50":0,"51":0,"52":0,"53":0,"54":0,"55":0,"56":0,"57":0,"58":2,"59":0,"60":0,"61":0,"62":0,"63":2,"64":0,"65":0,"66":0,"67":0,"68":0,"69":0,"70":0,"71":0,"72":0,"73":0,"74":2,"75":0,"76":0,"77":0,"78":0,"79":0,"80":0,"81":0,"82":0,"83":0,"84":0,"85":0,"86":0,"87":0,"88":0,"89":0,"90":0,"91":0,"92":0,"93":0,"94":0,"95":0,"96":0,"97":0,"98":0,"99":0,"100":0,"101":0,"102":0,"103":0,"104":0,"105":0,"106":0,"107":0,"108":0,"109":0,"110":0,"111":0,"112":0,"113":2,"114":0,"115":0,"116":0,"117":0,"118":0,"119":0,"120":0,"121":0,"122":0,"123":0,"124":0,"125":0,"126":0,"127":0},"f":{"0":0,"1":0,"2":0,"3":0,"4":0,"5":0,"6":0,"7":0},"b":{"0":[0,0],"1":[0,0],"2":[0,0],"3":[0,0],"4":[0,0],"5":[0,0],"6":[0,0],"7":[0,0],"8":[0,0],"9":[0,0],"10":[0,0],"11":[0,0],"12":[0,0],"13":[0,0],"14":[0,0],"15":[0,0],"16":[0,0],"17":[0,0],"18":[0,0],"19":[0,0],"20":[0,0],"21":[0,0],"22":[0,0],"23":[0,0],"24":[0,0],"25":[0,0],"26":[0,0],"27":[0,0],"28":[0,0]},"inputSourceMap":null,"_coverageSchema":"1a1c01bbd47fc00a2c39e90264f33305004495a9","hash":"43dc92bfc91fee87a8a25631f32aedcc9c2a5259"}
,"C:\\Users\\HP\\Documents\\Project_fullStack\\social-media-app\\backend\\models\\commentModel.js": {"path":"C:\\Users\\HP\\Documents\\Project_fullStack\\social-media-app\\backend\\models\\commentModel.js","statementMap":{"0":{"start":{"line":3,"column":22},"end":{"line":38,"column":1}},"1":{"start":{"line":40,"column":16},"end":{"line":40,"column":56}}},"fnMap":{},"branchMap":{},"s":{"0":2,"1":2},"f":{},"b":{},"inputSourceMap":null,"_coverageSchema":"1a1c01bbd47fc00a2c39e90264f33305004495a9","hash":"9904fd6c6e198e1ba9ce59efbd00cf2a559d8186"}
,"C:\\Users\\HP\\Documents\\Project_fullStack\\social-media-app\\backend\\models\\postModel.js": {"path":"C:\\Users\\HP\\Documents\\Project_fullStack\\social-media-app\\backend\\models\\postModel.js","statementMap":{"0":{"start":{"line":3,"column":19},"end":{"line":61,"column":1}},"1":{"start":{"line":63,"column":0},"end":{"line":63,"column":45}},"2":{"start":{"line":65,"column":13},"end":{"line":65,"column":47}}},"fnMap":{},"branchMap":{},"s":{"0":2,"1":2,"2":2},"f":{},"b":{},"inputSourceMap":null,"_coverageSchema":"1a1c01bbd47fc00a2c39e90264f33305004495a9","hash":"5dd164dad2e3d5b66535f5f96b1850b321a6cb7b"}
,"C:\\Users\\HP\\Documents\\Project_fullStack\\social-media-app\\backend\\models\\userModel.js": {"path":"C:\\Users\\HP\\Documents\\Project_fullStack\\social-media-app\\backend\\models\\userModel.js","statementMap":{"0":{"start":{"line":5,"column":19},"end":{"line":130,"column":1}},"1":{"start":{"line":35,"column":10},"end":{"line":35,"column":38}},"2":{"start":{"line":132,"column":0},"end":{"line":137,"column":3}},"3":{"start":{"line":133,"column":2},"end":{"line":133,"column":50}},"4":{"start":{"line":133,"column":36},"end":{"line":133,"column":50}},"5":{"start":{"line":134,"column":2},"end":{"line":134,"column":55}},"6":{"start":{"line":135,"column":2},"end":{"line":135,"column":35}},"7":{"start":{"line":136,"column":2},"end":{"line":136,"column":9}},"8":{"start":{"line":139,"column":0},"end":{"line":141,"column":2}},"9":{"start":{"line":140,"column":2},"end":{"line":140,"column":62}},"10":{"start":{"line":143,"column":13},"end":{"line":143,"column":71}}},"fnMap":{"0":{"name":"(anonymous_0)","decl":{"start":{"line":34,"column":19},"end":{"line":34,"column":20}},"loc":{"start":{"line":34,"column":33},"end":{"line":36,"column":9}},"line":34},"1":{"name":"(anonymous_1)","decl":{"start":{"line":132,"column":23},"end":{"line":132,"column":24}},"loc":{"start":{"line":132,"column":45},"end":{"line":137,"column":1}},"line":132},"2":{"name":"(anonymous_2)","decl":{"start":{"line":139,"column":37},"end":{"line":139,"column":38}},"loc":{"start":{"line":139,"column":85},"end":{"line":141,"column":1}},"line":139}},"branchMap":{"0":{"loc":{"start":{"line":133,"column":2},"end":{"line":133,"column":50}},"type":"if","locations":[{"start":{"line":133,"column":2},"end":{"line":133,"column":50}},{"start":{},"end":{}}],"line":133},"1":{"loc":{"start":{"line":143,"column":13},"end":{"line":143,"column":71}},"type":"binary-expr","locations":[{"start":{"line":143,"column":13},"end":{"line":143,"column":33}},{"start":{"line":143,"column":37},"end":{"line":143,"column":71}}],"line":143}},"s":{"0":2,"1":16,"2":2,"3":24,"4":8,"5":16,"6":16,"7":16,"8":2,"9":2,"10":2},"f":{"0":16,"1":24,"2":2},"b":{"0":[8,16],"1":[2,2]},"inputSourceMap":null,"_coverageSchema":"1a1c01bbd47fc00a2c39e90264f33305004495a9","hash":"7d249664d5e0446566cb44cd5305215deca193a1"}
,"C:\\Users\\HP\\Documents\\Project_fullStack\\social-media-app\\backend\\utils\\appError.js": {"path":"C:\\Users\\HP\\Documents\\Project_fullStack\\social-media-app\\backend\\utils\\appError.js","statementMap":{"0":{"start":{"line":3,"column":4},"end":{"line":3,"column":19}},"1":{"start":{"line":4,"column":4},"end":{"line":4,"column":33}},"2":{"start":{"line":5,"column":4},"end":{"line":5,"column":69}},"3":{"start":{"line":6,"column":4},"end":{"line":6,"column":52}}},"fnMap":{"0":{"name":"(anonymous_0)","decl":{"start":{"line":2,"column":2},"end":{"line":2,"column":3}},"loc":{"start":{"line":2,"column":35},"end":{"line":7,"column":3}},"line":2}},"branchMap":{"0":{"loc":{"start":{"line":5,"column":18},"end":{"line":5,"column":68}},"type":"cond-expr","locations":[{"start":{"line":5,"column":52},"end":{"line":5,"column":58}},{"start":{"line":5,"column":61},"end":{"line":5,"column":68}}],"line":5}},"s":{"0":24,"1":24,"2":24,"3":24},"f":{"0":24},"b":{"0":[19,5]},"inputSourceMap":null,"_coverageSchema":"1a1c01bbd47fc00a2c39e90264f33305004495a9","hash":"02e1fb4d4439cdb572c104ea9ab82f1028981dc9"}
,"C:\\Users\\HP\\Documents\\Project_fullStack\\social-media-app\\backend\\utils\\catchAsync.js": {"path":"C:\\Users\\HP\\Documents\\Project_fullStack\\social-media-app\\backend\\utils\\catchAsync.js","statementMap":{"0":{"start":{"line":1,"column":19},"end":{"line":5,"column":1}},"1":{"start":{"line":2,"column":2},"end":{"line":4,"column":4}},"2":{"start":{"line":3,"column":4},"end":{"line":3,"column":36}}},"fnMap":{"0":{"name":"(anonymous_0)","decl":{"start":{"line":1,"column":19},"end":{"line":1,"column":20}},"loc":{"start":{"line":1,"column":28},"end":{"line":5,"column":1}},"line":1},"1":{"name":"(anonymous_1)","decl":{"start":{"line":2,"column":9},"end":{"line":2,"column":10}},"loc":{"start":{"line":2,"column":29},"end":{"line":4,"column":3}},"line":2}},"branchMap":{},"s":{"0":3,"1":71,"2":75},"f":{"0":71,"1":75},"b":{},"inputSourceMap":null,"_coverageSchema":"1a1c01bbd47fc00a2c39e90264f33305004495a9","hash":"af146426f8388c860607588cc5be5f9543d7cc95"}
,"C:\\Users\\HP\\Documents\\Project_fullStack\\social-media-app\\backend\\utils\\cloudinary.js": {"path":"C:\\Users\\HP\\Documents\\Project_fullStack\\social-media-app\\backend\\utils\\cloudinary.js","statementMap":{"0":{"start":{"line":4,"column":0},"end":{"line":9,"column":3}},"1":{"start":{"line":11,"column":34},"end":{"line":19,"column":1}},"2":{"start":{"line":12,"column":2},"end":{"line":18,"column":3}},"3":{"start":{"line":13,"column":21},"end":{"line":13,"column":65}},"4":{"start":{"line":14,"column":4},"end":{"line":14,"column":20}},"5":{"start":{"line":16,"column":4},"end":{"line":16,"column":23}},"6":{"start":{"line":17,"column":4},"end":{"line":17,"column":60}},"7":{"start":{"line":22,"column":39},"end":{"line":45,"column":1}},"8":{"start":{"line":23,"column":2},"end":{"line":44,"column":5}},"9":{"start":{"line":24,"column":25},"end":{"line":39,"column":5}},"10":{"start":{"line":32,"column":8},"end":{"line":37,"column":9}},"11":{"start":{"line":33,"column":10},"end":{"line":33,"column":59}},"12":{"start":{"line":34,"column":10},"end":{"line":34,"column":24}},"13":{"start":{"line":36,"column":10},"end":{"line":36,"column":26}},"14":{"start":{"line":42,"column":27},"end":{"line":42,"column":48}},"15":{"start":{"line":43,"column":4},"end":{"line":43,"column":38}}},"fnMap":{"0":{"name":"(anonymous_0)","decl":{"start":{"line":11,"column":34},"end":{"line":11,"column":35}},"loc":{"start":{"line":11,"column":53},"end":{"line":19,"column":1}},"line":11},"1":{"name":"(anonymous_1)","decl":{"start":{"line":22,"column":39},"end":{"line":22,"column":40}},"loc":{"start":{"line":22,"column":57},"end":{"line":45,"column":1}},"line":22},"2":{"name":"(anonymous_2)","decl":{"start":{"line":23,"column":21},"end":{"line":23,"column":22}},"loc":{"start":{"line":23,"column":42},"end":{"line":44,"column":3}},"line":23},"3":{"name":"(anonymous_3)","decl":{"start":{"line":31,"column":6},"end":{"line":31,"column":7}},"loc":{"start":{"line":31,"column":25},"end":{"line":38,"column":7}},"line":31}},"branchMap":{"0":{"loc":{"start":{"line":32,"column":8},"end":{"line":37,"column":9}},"type":"if","locations":[{"start":{"line":32,"column":8},"end":{"line":37,"column":9}},{"start":{"line":35,"column":15},"end":{"line":37,"column":9}}],"line":32}},"s":{"0":1,"1":1,"2":0,"3":0,"4":0,"5":0,"6":0,"7":1,"8":0,"9":0,"10":0,"11":0,"12":0,"13":0,"14":0,"15":0},"f":{"0":0,"1":0,"2":0,"3":0},"b":{"0":[0,0]},"inputSourceMap":null,"_coverageSchema":"1a1c01bbd47fc00a2c39e90264f33305004495a9","hash":"3202834ce96a9bd1ce4461c2ca23b8800da43320"}
,"C:\\Users\\HP\\Documents\\Project_fullStack\\social-media-app\\backend\\utils\\datauri.js": {"path":"C:\\Users\\HP\\Documents\\Project_fullStack\\social-media-app\\backend\\utils\\datauri.js","statementMap":{"0":{"start":{"line":4,"column":19},"end":{"line":9,"column":1}},"1":{"start":{"line":5,"column":17},"end":{"line":5,"column":36}},"2":{"start":{"line":7,"column":18},"end":{"line":7,"column":60}},"3":{"start":{"line":8,"column":2},"end":{"line":8,"column":53}}},"fnMap":{"0":{"name":"(anonymous_0)","decl":{"start":{"line":4,"column":19},"end":{"line":4,"column":20}},"loc":{"start":{"line":4,"column":35},"end":{"line":9,"column":1}},"line":4}},"branchMap":{},"s":{"0":2,"1":0,"2":0,"3":0},"f":{"0":0},"b":{},"inputSourceMap":null,"_coverageSchema":"1a1c01bbd47fc00a2c39e90264f33305004495a9","hash":"9284f6e992af614a71e2c842dead70dd4bb92a16"}
,"C:\\Users\\HP\\Documents\\Project_fullStack\\social-media-app\\backend\\utils\\email.js": {"path":"C:\\Users\\HP\\Documents\\Project_fullStack\\social-media-app\\backend\\utils\\email.js","statementMap":{"0":{"start":{"line":3,"column":18},"end":{"line":20,"column":1}},"1":{"start":{"line":4,"column":22},"end":{"line":10,"column":4}},"2":{"start":{"line":12,"column":21},"end":{"line":17,"column":3}},"3":{"start":{"line":19,"column":2},"end":{"line":19,"column":41}}},"fnMap":{"0":{"name":"(anonymous_0)","decl":{"start":{"line":3,"column":18},"end":{"line":3,"column":19}},"loc":{"start":{"line":3,"column":37},"end":{"line":20,"column":1}},"line":3}},"branchMap":{},"s":{"0":0,"1":0,"2":0,"3":0},"f":{"0":0},"b":{},"inputSourceMap":null}
,"C:\\Users\\HP\\Documents\\Project_fullStack\\social-media-app\\backend\\utils\\generateOtp.js": {"path":"C:\\Users\\HP\\Documents\\Project_fullStack\\social-media-app\\backend\\utils\\generateOtp.js","statementMap":{"0":{"start":{"line":1,"column":20},"end":{"line":3,"column":1}},"1":{"start":{"line":2,"column":2},"end":{"line":2,"column":64}}},"fnMap":{"0":{"name":"(anonymous_0)","decl":{"start":{"line":1,"column":20},"end":{"line":1,"column":21}},"loc":{"start":{"line":1,"column":26},"end":{"line":3,"column":1}},"line":1}},"branchMap":{},"s":{"0":3,"1":21},"f":{"0":21},"b":{},"inputSourceMap":null,"_coverageSchema":"1a1c01bbd47fc00a2c39e90264f33305004495a9","hash":"d7e13f2675319edc1b785845037dab2c1f443659"}
}
