TN:
SF:controllers\activityController.js
FN:6,(anonymous_0)
FN:27,(anonymous_1)
FN:59,(anonymous_2)
FN:83,(anonymous_3)
FN:95,(anonymous_4)
FN:114,(anonymous_5)
FNF:6
FNH:0
FNDA:0,(anonymous_0)
FNDA:0,(anonymous_1)
FNDA:0,(anonymous_2)
FNDA:0,(anonymous_3)
FNDA:0,(anonymous_4)
FNDA:0,(anonymous_5)
DA:6,2
DA:7,0
DA:8,0
DA:9,0
DA:12,0
DA:27,0
DA:34,0
DA:59,0
DA:67,0
DA:83,0
DA:90,0
DA:95,0
DA:106,0
DA:114,0
DA:117,0
DA:119,0
DA:126,0
LF:17
LH:1
BRF:0
BRH:0
end_of_record
TN:
SF:controllers\authController.js
FN:15,(anonymous_0)
FN:22,(anonymous_1)
FN:28,(anonymous_2)
FN:56,(anonymous_3)
FN:93,(anonymous_4)
FN:116,(anonymous_5)
FN:160,(anonymous_6)
FN:176,(anonymous_7)
FN:191,(anonymous_8)
FN:230,(anonymous_9)
FN:247,(anonymous_10)
FNF:11
FNH:6
FNDA:4,(anonymous_0)
FNDA:5,(anonymous_1)
FNDA:5,(anonymous_2)
FNDA:6,(anonymous_3)
FNDA:0,(anonymous_4)
FNDA:0,(anonymous_5)
FNDA:4,(anonymous_6)
FNDA:1,(anonymous_7)
FNDA:0,(anonymous_8)
FNDA:0,(anonymous_9)
FNDA:0,(anonymous_10)
DA:12,2
DA:13,2
DA:15,2
DA:16,4
DA:17,4
DA:18,4
DA:19,4
DA:22,2
DA:23,5
DA:28,2
DA:29,5
DA:31,5
DA:33,5
DA:41,5
DA:42,5
DA:43,5
DA:44,5
DA:46,5
DA:56,2
DA:57,6
DA:58,6
DA:59,6
DA:60,1
DA:62,5
DA:63,5
DA:64,5
DA:72,4
DA:79,4
DA:80,4
DA:86,4
DA:88,0
DA:89,0
DA:93,2
DA:94,0
DA:95,0
DA:96,0
DA:98,0
DA:99,0
DA:100,0
DA:103,0
DA:104,0
DA:107,0
DA:108,0
DA:109,0
DA:111,0
DA:113,0
DA:116,2
DA:117,0
DA:118,0
DA:119,0
DA:122,0
DA:124,0
DA:125,0
DA:128,0
DA:129,0
DA:132,0
DA:133,0
DA:134,0
DA:135,0
DA:137,0
DA:139,0
DA:146,0
DA:147,0
DA:153,0
DA:155,0
DA:156,0
DA:160,2
DA:161,4
DA:163,4
DA:164,1
DA:167,3
DA:169,3
DA:170,2
DA:173,1
DA:176,2
DA:177,1
DA:179,1
DA:187,1
DA:191,2
DA:192,0
DA:193,0
DA:195,0
DA:196,0
DA:199,0
DA:200,0
DA:202,0
DA:203,0
DA:205,0
DA:207,0
DA:214,0
DA:215,0
DA:221,0
DA:223,0
DA:224,0
DA:225,0
DA:226,0
DA:230,2
DA:231,0
DA:232,0
DA:234,0
DA:235,0
DA:237,0
DA:238,0
DA:239,0
DA:240,0
DA:242,0
DA:244,0
DA:247,2
DA:248,0
DA:250,0
DA:252,0
DA:254,0
DA:255,0
DA:258,0
DA:259,0
DA:262,0
DA:263,0
DA:266,0
DA:267,0
DA:269,0
DA:271,0
LF:121
LH:47
BRDA:37,0,0,0
BRDA:37,0,1,5
BRDA:59,1,0,1
BRDA:59,1,1,5
BRDA:95,2,0,0
BRDA:95,2,1,0
BRDA:99,3,0,0
BRDA:99,3,1,0
BRDA:103,4,0,0
BRDA:103,4,1,0
BRDA:118,5,0,0
BRDA:118,5,1,0
BRDA:124,6,0,0
BRDA:124,6,1,0
BRDA:128,7,0,0
BRDA:128,7,1,0
BRDA:163,8,0,1
BRDA:163,8,1,3
BRDA:163,9,0,4
BRDA:163,9,1,4
BRDA:169,10,0,2
BRDA:169,10,1,1
BRDA:169,11,0,3
BRDA:169,11,1,2
BRDA:183,12,0,0
BRDA:183,12,1,1
BRDA:195,13,0,0
BRDA:195,13,1,0
BRDA:234,14,0,0
BRDA:234,14,1,0
BRDA:254,15,0,0
BRDA:254,15,1,0
BRDA:258,16,0,0
BRDA:258,16,1,0
BRDA:262,17,0,0
BRDA:262,17,1,0
BRF:36
BRH:12
end_of_record
TN:
SF:controllers\errorController.js
FN:1,(anonymous_0)
FNF:1
FNH:1
FNDA:6,(anonymous_0)
DA:1,2
DA:2,6
DA:3,6
DA:4,6
LF:4
LH:4
BRDA:2,0,0,6
BRDA:2,0,1,1
BRDA:3,1,0,6
BRDA:3,1,1,1
BRF:4
BRH:4
end_of_record
TN:
SF:controllers\postController.js
FN:10,(anonymous_0)
FN:54,(anonymous_1)
FN:61,(anonymous_2)
FN:97,(anonymous_3)
FN:142,(anonymous_4)
FN:152,(anonymous_5)
FN:153,(anonymous_6)
FN:168,(anonymous_7)
FN:180,(anonymous_8)
FN:198,(anonymous_9)
FN:233,(anonymous_10)
FN:260,(anonymous_11)
FN:299,(anonymous_12)
FN:333,(anonymous_13)
FN:387,(anonymous_14)
FN:413,(anonymous_15)
FN:448,(anonymous_16)
FN:458,(anonymous_17)
FN:479,(anonymous_18)
FN:515,(anonymous_19)
FN:543,(anonymous_20)
FNF:21
FNH:1
FNDA:2,(anonymous_0)
FNDA:0,(anonymous_1)
FNDA:0,(anonymous_2)
FNDA:0,(anonymous_3)
FNDA:0,(anonymous_4)
FNDA:0,(anonymous_5)
FNDA:0,(anonymous_6)
FNDA:0,(anonymous_7)
FNDA:0,(anonymous_8)
FNDA:0,(anonymous_9)
FNDA:0,(anonymous_10)
FNDA:0,(anonymous_11)
FNDA:0,(anonymous_12)
FNDA:0,(anonymous_13)
FNDA:0,(anonymous_14)
FNDA:0,(anonymous_15)
FNDA:0,(anonymous_16)
FNDA:0,(anonymous_17)
FNDA:0,(anonymous_18)
FNDA:0,(anonymous_19)
FNDA:0,(anonymous_20)
DA:10,2
DA:11,2
DA:12,2
DA:13,2
DA:15,2
DA:16,0
DA:19,2
DA:20,2
DA:21,2
DA:28,2
DA:29,0
DA:31,0
DA:36,0
DA:37,0
DA:39,0
DA:43,0
DA:47,2
DA:48,0
DA:50,0
DA:51,0
DA:54,0
DA:55,0
DA:62,0
DA:63,0
DA:64,0
DA:66,0
DA:67,0
DA:73,0
DA:76,0
DA:80,0
DA:82,0
DA:83,0
DA:88,2
DA:89,0
DA:91,0
DA:92,0
DA:95,0
DA:97,0
DA:100,0
DA:104,2
DA:105,0
DA:107,0
DA:108,0
DA:111,0
DA:118,0
DA:121,2
DA:123,2
DA:124,2
DA:125,2
DA:126,2
DA:129,2
DA:134,2
DA:142,2
DA:143,0
DA:144,0
DA:146,0
DA:147,0
DA:148,0
DA:152,0
DA:153,0
DA:157,0
DA:158,0
DA:160,0
DA:168,2
DA:169,0
DA:170,0
DA:172,0
DA:173,0
DA:174,0
DA:177,0
DA:179,0
DA:180,0
DA:181,0
DA:182,0
DA:188,0
DA:189,0
DA:190,0
DA:198,2
DA:199,0
DA:224,0
DA:233,2
DA:234,0
DA:236,0
DA:251,0
DA:260,2
DA:261,0
DA:263,0
DA:287,0
DA:288,0
DA:291,0
DA:299,2
DA:300,0
DA:301,0
DA:303,0
DA:305,0
DA:306,0
DA:308,0
DA:309,0
DA:311,0
DA:313,0
DA:314,0
DA:315,0
DA:316,0
DA:322,0
DA:323,0
DA:325,0
DA:333,2
DA:334,0
DA:335,0
DA:337,0
DA:339,0
DA:340,0
DA:343,0
DA:344,0
DA:348,0
DA:351,0
DA:354,0
DA:357,0
DA:358,0
DA:359,0
DA:360,0
DA:362,0
DA:368,0
DA:369,0
DA:370,0
DA:371,0
DA:373,0
DA:379,0
DA:381,0
DA:387,2
DA:388,0
DA:389,0
DA:391,0
DA:393,0
DA:395,0
DA:397,0
DA:398,0
DA:400,0
DA:405,0
DA:406,0
DA:413,2
DA:414,0
DA:415,0
DA:417,0
DA:419,0
DA:421,0
DA:422,0
DA:424,0
DA:430,0
DA:431,0
DA:433,0
DA:438,0
DA:448,2
DA:449,0
DA:450,0
DA:452,0
DA:453,0
DA:455,0
DA:457,0
DA:458,0
DA:459,0
DA:461,0
DA:467,0
DA:468,0
DA:470,0
DA:479,2
DA:480,0
DA:481,0
DA:482,0
DA:484,0
DA:486,0
DA:487,0
DA:490,0
DA:498,0
DA:499,0
DA:502,0
DA:507,0
DA:515,2
DA:516,0
DA:517,0
DA:519,0
DA:520,0
DA:523,0
DA:524,0
DA:528,0
DA:531,0
DA:534,0
DA:536,0
DA:543,2
DA:544,0
DA:545,0
DA:547,0
DA:549,0
DA:551,0
DA:553,0
DA:555,0
DA:557,0
DA:564,0
DA:566,0
LF:199
LH:32
BRDA:15,0,0,0
BRDA:15,0,1,2
BRDA:15,1,0,2
BRDA:15,1,1,2
BRDA:20,2,0,0
BRDA:20,2,1,2
BRDA:23,3,0,2
BRDA:23,3,1,0
BRDA:28,4,0,0
BRDA:28,4,1,2
BRDA:28,5,0,2
BRDA:28,5,1,2
BRDA:28,5,2,0
BRDA:29,6,0,0
BRDA:29,6,1,0
BRDA:47,7,0,0
BRDA:47,7,1,2
BRDA:48,8,0,0
BRDA:48,8,1,0
BRDA:62,9,0,0
BRDA:62,9,1,0
BRDA:88,10,0,0
BRDA:88,10,1,2
BRDA:89,11,0,0
BRDA:89,11,1,0
BRDA:91,12,0,0
BRDA:91,12,1,0
BRDA:91,13,0,0
BRDA:91,13,1,0
BRDA:91,13,2,0
BRDA:96,14,0,0
BRDA:96,14,1,0
BRDA:98,15,0,0
BRDA:98,15,1,0
BRDA:104,16,0,0
BRDA:104,16,1,2
BRDA:105,17,0,0
BRDA:105,17,1,0
BRDA:107,18,0,0
BRDA:107,18,1,0
BRDA:107,19,0,0
BRDA:107,19,1,0
BRDA:107,19,2,0
BRDA:124,20,0,2
BRDA:124,20,1,0
BRDA:147,21,0,0
BRDA:147,21,1,0
BRDA:147,22,0,0
BRDA:147,22,1,0
BRDA:173,23,0,0
BRDA:173,23,1,0
BRDA:173,24,0,0
BRDA:173,24,1,0
BRDA:179,25,0,0
BRDA:179,25,1,0
BRDA:287,26,0,0
BRDA:287,26,1,0
BRDA:306,27,0,0
BRDA:306,27,1,0
BRDA:309,28,0,0
BRDA:309,28,1,0
BRDA:313,29,0,0
BRDA:313,29,1,0
BRDA:339,30,0,0
BRDA:339,30,1,0
BRDA:343,31,0,0
BRDA:343,31,1,0
BRDA:357,32,0,0
BRDA:357,32,1,0
BRDA:368,33,0,0
BRDA:368,33,1,0
BRDA:393,34,0,0
BRDA:393,34,1,0
BRDA:397,35,0,0
BRDA:397,35,1,0
BRDA:421,36,0,0
BRDA:421,36,1,0
BRDA:422,37,0,0
BRDA:422,37,1,0
BRDA:453,38,0,0
BRDA:453,38,1,0
BRDA:457,39,0,0
BRDA:457,39,1,0
BRDA:484,40,0,0
BRDA:484,40,1,0
BRDA:487,41,0,0
BRDA:487,41,1,0
BRDA:520,42,0,0
BRDA:520,42,1,0
BRDA:523,43,0,0
BRDA:523,43,1,0
BRDA:549,44,0,0
BRDA:549,44,1,0
BRDA:553,45,0,0
BRDA:553,45,1,0
BRF:95
BRH:12
end_of_record
TN:
SF:controllers\userController.js
FN:10,(anonymous_0)
FN:40,(anonymous_1)
FN:92,(anonymous_2)
FN:107,(anonymous_3)
FN:144,(anonymous_4)
FN:157,(anonymous_5)
FN:181,(anonymous_6)
FN:296,(anonymous_7)
FNF:8
FNH:0
FNDA:0,(anonymous_0)
FNDA:0,(anonymous_1)
FNDA:0,(anonymous_2)
FNDA:0,(anonymous_3)
FNDA:0,(anonymous_4)
FNDA:0,(anonymous_5)
FNDA:0,(anonymous_6)
FNDA:0,(anonymous_7)
DA:10,2
DA:11,0
DA:12,0
DA:28,0
DA:29,0
DA:32,0
DA:40,2
DA:41,0
DA:44,0
DA:47,0
DA:48,0
DA:54,0
DA:55,0
DA:56,0
DA:57,0
DA:61,0
DA:62,0
DA:63,0
DA:64,0
DA:67,0
DA:69,0
DA:72,0
DA:73,0
DA:74,0
DA:75,0
DA:76,0
DA:77,0
DA:78,0
DA:79,0
DA:81,0
DA:83,0
DA:92,2
DA:93,0
DA:95,0
DA:99,0
DA:107,2
DA:108,0
DA:109,0
DA:111,0
DA:112,0
DA:115,0
DA:117,0
DA:119,0
DA:121,0
DA:122,0
DA:127,0
DA:133,0
DA:135,0
DA:144,2
DA:145,0
DA:146,0
DA:148,0
DA:157,2
DA:158,0
DA:160,0
DA:162,0
DA:165,0
DA:166,0
DA:167,0
DA:168,0
DA:170,0
DA:172,0
DA:181,2
DA:182,0
DA:183,0
DA:185,0
DA:186,0
DA:188,0
DA:190,0
DA:191,0
DA:194,0
DA:197,0
DA:201,0
DA:202,0
DA:203,0
DA:205,0
DA:211,0
DA:212,0
DA:213,0
DA:216,0
DA:222,0
DA:225,0
DA:228,0
DA:234,0
DA:241,0
DA:246,0
DA:253,0
DA:259,0
DA:260,0
DA:262,0
DA:263,0
DA:265,0
DA:269,0
DA:270,0
DA:271,0
DA:272,0
DA:274,0
DA:279,0
DA:281,0
DA:288,0
DA:296,2
DA:297,0
DA:299,0
DA:300,0
DA:302,0
DA:303,0
DA:308,0
DA:311,0
DA:312,0
DA:313,0
DA:314,0
DA:316,0
DA:318,0
LF:113
LH:8
BRDA:28,0,0,0
BRDA:28,0,1,0
BRDA:54,1,0,0
BRDA:54,1,1,0
BRDA:61,2,0,0
BRDA:61,2,1,0
BRDA:69,3,0,0
BRDA:69,3,1,0
BRDA:72,4,0,0
BRDA:72,4,1,0
BRDA:73,5,0,0
BRDA:73,5,1,0
BRDA:74,6,0,0
BRDA:74,6,1,0
BRDA:75,7,0,0
BRDA:75,7,1,0
BRDA:76,8,0,0
BRDA:76,8,1,0
BRDA:77,9,0,0
BRDA:77,9,1,0
BRDA:78,10,0,0
BRDA:78,10,1,0
BRDA:79,11,0,0
BRDA:79,11,1,0
BRDA:111,12,0,0
BRDA:111,12,1,0
BRDA:117,13,0,0
BRDA:117,13,1,0
BRDA:121,14,0,0
BRDA:121,14,1,0
BRDA:137,15,0,0
BRDA:137,15,1,0
BRDA:146,16,0,0
BRDA:146,16,1,0
BRDA:162,17,0,0
BRDA:162,17,1,0
BRDA:186,18,0,0
BRDA:186,18,1,0
BRDA:190,19,0,0
BRDA:190,19,1,0
BRDA:201,20,0,0
BRDA:201,20,1,0
BRDA:211,21,0,0
BRDA:211,21,1,0
BRDA:259,22,0,0
BRDA:259,22,1,0
BRDA:269,23,0,0
BRDA:269,23,1,0
BRDA:285,24,0,0
BRDA:285,24,1,0
BRDA:300,25,0,0
BRDA:300,25,1,0
BRDA:302,26,0,0
BRDA:302,26,1,0
BRDA:302,27,0,0
BRDA:302,27,1,0
BRDA:308,28,0,0
BRDA:308,28,1,0
BRF:58
BRH:0
end_of_record
TN:
SF:models\commentModel.js
FNF:0
FNH:0
DA:3,2
DA:40,2
LF:2
LH:2
BRF:0
BRH:0
end_of_record
TN:
SF:models\postModel.js
FNF:0
FNH:0
DA:3,2
DA:63,2
DA:65,2
LF:3
LH:3
BRF:0
BRH:0
end_of_record
TN:
SF:models\userModel.js
FN:34,(anonymous_0)
FN:132,(anonymous_1)
FN:139,(anonymous_2)
FNF:3
FNH:3
FNDA:7,(anonymous_0)
FNDA:9,(anonymous_1)
FNDA:2,(anonymous_2)
DA:5,2
DA:35,7
DA:132,2
DA:133,9
DA:134,7
DA:135,7
DA:136,7
DA:139,2
DA:140,2
DA:143,2
LF:10
LH:10
BRDA:133,0,0,2
BRDA:133,0,1,7
BRDA:143,1,0,2
BRDA:143,1,1,2
BRF:4
BRH:4
end_of_record
TN:
SF:utils\appError.js
FN:2,(anonymous_0)
FNF:1
FNH:1
FNDA:20,(anonymous_0)
DA:3,20
DA:4,20
DA:5,20
DA:6,20
LF:4
LH:4
BRDA:5,0,0,15
BRDA:5,0,1,5
BRF:2
BRH:2
end_of_record
TN:
SF:utils\catchAsync.js
FN:1,(anonymous_0)
FN:2,(anonymous_1)
FNF:2
FNH:2
FNDA:71,(anonymous_0)
FNDA:22,(anonymous_1)
DA:1,3
DA:2,71
DA:3,22
LF:3
LH:3
BRF:0
BRH:0
end_of_record
TN:
SF:utils\cloudinary.js
FN:11,(anonymous_0)
FN:22,(anonymous_1)
FN:23,(anonymous_2)
FN:31,(anonymous_3)
FNF:4
FNH:0
FNDA:0,(anonymous_0)
FNDA:0,(anonymous_1)
FNDA:0,(anonymous_2)
FNDA:0,(anonymous_3)
DA:4,1
DA:11,1
DA:12,0
DA:13,0
DA:14,0
DA:16,0
DA:17,0
DA:22,1
DA:23,0
DA:24,0
DA:32,0
DA:33,0
DA:34,0
DA:36,0
DA:42,0
DA:43,0
LF:16
LH:3
BRDA:32,0,0,0
BRDA:32,0,1,0
BRF:2
BRH:0
end_of_record
TN:
SF:utils\datauri.js
FN:4,(anonymous_0)
FNF:1
FNH:0
FNDA:0,(anonymous_0)
DA:4,2
DA:5,0
DA:7,0
DA:8,0
LF:4
LH:1
BRF:0
BRH:0
end_of_record
TN:
SF:utils\email.js
FN:3,(anonymous_0)
FNF:1
FNH:0
FNDA:0,(anonymous_0)
DA:3,0
DA:4,0
DA:12,0
DA:19,0
LF:4
LH:0
BRF:0
BRH:0
end_of_record
TN:
SF:utils\generateOtp.js
FN:1,(anonymous_0)
FNF:1
FNH:1
FNDA:12,(anonymous_0)
DA:1,3
DA:2,12
LF:2
LH:2
BRF:0
BRH:0
end_of_record
